[05-Apr-2024 15:47:26 Asia/Calcutta] PHP Fatal error:  During inheritance of IteratorAggregate: Uncaught ErrorException: Return type of Symfony\Component\Finder\Iterator\SortableIterator::getIterator() should either be compatible with IteratorAggregate::getIterator(): Traversable, or the #[\ReturnTypeWillChange] attribute should be used to temporarily suppress the notice in /home4/webtesting/hrms-nexgeno.webtesting.pw/vendor/symfony/finder/Iterator/SortableIterator.php:84
Stack trace:
#0 /home4/webtesting/hrms-nexgeno.webtesting.pw/vendor/symfony/finder/Iterator/SortableIterator.php(19): Illuminate\Foundation\Bootstrap\HandleExceptions->handleError(8192, 'Return type of ...', '/home4/webtesti...', 84)
#1 /home4/webtesting/hrms-nexgeno.webtesting.pw/vendor/composer/ClassLoader.php(480): include('/home4/webtesti...')
#2 /home4/webtesting/hrms-nexgeno.webtesting.pw/vendor/composer/ClassLoader.php(346): Composer\Autoload\includeFile('/home4/webtesti...')
#3 /home4/webtesting/hrms-nexgeno.webtesting.pw/vendor/symfony/finder/Finder.php(438): Composer\Autoload\ClassLoader->loadClass('Symfony\\Compone...')
#4 /home4/webtesting/hrms-nexgeno.webtesting.pw/vendor/laravel/framework/src/Illuminate/Filesystem/Filesystem.php(563): Symfony\Component\Finder\Finder->sortByName()
#5 /home4/webtesting/hrms-nexgeno.webtesting.pw/vendor/laravel/framework/src/Illuminate/Foundation/Exceptions/WhoopsHandler.php(50): Illuminate\Filesystem\Filesystem->directories('/home4/webtesti...')
#6 /home4/webtesting/hrms-nexgeno.webtesting.pw/vendor/laravel/framework/src/Illuminate/Foundation/Exceptions/WhoopsHandler.php(36): Illuminate\Foundation\Exceptions\WhoopsHandler->directoriesExceptVendor()
#7 /home4/webtesting/hrms-nexgeno.webtesting.pw/vendor/laravel/framework/src/Illuminate/Foundation/Exceptions/WhoopsHandler.php(21): Illuminate\Foundation\Exceptions\WhoopsHandler->registerApplicationPaths(Object(Whoops\Handler\PrettyPageHandler))
#8 /home4/webtesting/hrms-nexgeno.webtesting.pw/vendor/laravel/framework/src/Illuminate/Support/helpers.php(263): Illuminate\Foundation\Exceptions\WhoopsHandler->Illuminate\Foundation\Exceptions\{closure}(Object(Whoops\Handler\PrettyPageHandler))
#9 /home4/webtesting/hrms-nexgeno.webtesting.pw/vendor/laravel/framework/src/Illuminate/Foundation/Exceptions/WhoopsHandler.php(18): tap(Object(Whoops\Handler\PrettyPageHandler), Object(Closure))
#10 /home4/webtesting/hrms-nexgeno.webtesting.pw/vendor/laravel/framework/src/Illuminate/Foundation/Exceptions/Handler.php(541): Illuminate\Foundation\Exceptions\WhoopsHandler->forDebug()
#11 /home4/webtesting/hrms-nexgeno.webtesting.pw/vendor/laravel/framework/src/Illuminate/Foundation/Exceptions/Handler.php(523): Illuminate\Foundation\Exceptions\Handler->whoopsHandler()
#12 /home4/webtesting/hrms-nexgeno.webtesting.pw/vendor/laravel/framework/src/Illuminate/Support/helpers.php(263): Illuminate\Foundation\Exceptions\Handler->Illuminate\Foundation\Exceptions\{closure}(Object(Whoops\Run))
#13 /home4/webtesting/hrms-nexgeno.webtesting.pw/vendor/laravel/framework/src/Illuminate/Foundation/Exceptions/Handler.php(522): tap(Object(Whoops\Run), Object(Closure))
#14 /home4/webtesting/hrms-nexgeno.webtesting.pw/vendor/laravel/framework/src/Illuminate/Foundation/Exceptions/Handler.php(507): Illuminate\Foundation\Exceptions\Handler->renderExceptionWithWhoops(Object(ErrorException))
#15 /home4/webtesting/hrms-nexgeno.webtesting.pw/vendor/laravel/framework/src/Illuminate/Foundation/Exceptions/Handler.php(491): Illuminate\Foundation\Exceptions\Handler->renderExceptionContent(Object(ErrorException))
#16 /home4/webtesting/hrms-nexgeno.webtesting.pw/vendor/laravel/framework/src/Illuminate/Foundation/Exceptions/Handler.php(470): Illuminate\Foundation\Exceptions\Handler->convertExceptionToResponse(Object(ErrorException))
#17 /home4/webtesting/hrms-nexgeno.webtesting.pw/vendor/laravel/framework/src/Illuminate/Foundation/Exceptions/Handler.php(356): Illuminate\Foundation\Exceptions\Handler->prepareResponse(Object(Illuminate\Http\Request), Object(ErrorException))
#18 /home4/webtesting/hrms-nexgeno.webtesting.pw/vendor/laravel/framework/src/Illuminate/Foundation/Http/Kernel.php(426): Illuminate\Foundation\Exceptions\Handler->render(Object(Illuminate\Http\Request), Object(ErrorException))
#19 /home4/webtesting/hrms-nexgeno.webtesting.pw/vendor/laravel/framework/src/Illuminate/Foundation/Http/Kernel.php(114): Illuminate\Foundation\Http\Kernel->renderException(Object(Illuminate\Http\Request), Object(ErrorException))
#20 /home4/webtesting/hrms-nexgeno.webtesting.pw/public/index.php(51): Illuminate\Foundation\Http\Kernel->handle(Object(Illuminate\Http\Request))
#21 /home4/webtesting/hrms-nexgeno.webtesting.pw/index.php(21): require_once('/home4/webtesti...')
#22 {main} in /home4/webtesting/hrms-nexgeno.webtesting.pw/vendor/symfony/finder/Iterator/SortableIterator.php on line 19
[05-Apr-2024 15:49:10 Asia/Calcutta] PHP Fatal error:  During inheritance of IteratorAggregate: Uncaught ErrorException: Return type of Symfony\Component\Finder\Iterator\SortableIterator::getIterator() should either be compatible with IteratorAggregate::getIterator(): Traversable, or the #[\ReturnTypeWillChange] attribute should be used to temporarily suppress the notice in /home4/webtesting/hrms-nexgeno.webtesting.pw/vendor/symfony/finder/Iterator/SortableIterator.php:84
Stack trace:
#0 /home4/webtesting/hrms-nexgeno.webtesting.pw/vendor/symfony/finder/Iterator/SortableIterator.php(19): Illuminate\Foundation\Bootstrap\HandleExceptions->handleError(8192, 'Return type of ...', '/home4/webtesti...', 84)
#1 /home4/webtesting/hrms-nexgeno.webtesting.pw/vendor/composer/ClassLoader.php(480): include('/home4/webtesti...')
#2 /home4/webtesting/hrms-nexgeno.webtesting.pw/vendor/composer/ClassLoader.php(346): Composer\Autoload\includeFile('/home4/webtesti...')
#3 /home4/webtesting/hrms-nexgeno.webtesting.pw/vendor/symfony/finder/Finder.php(438): Composer\Autoload\ClassLoader->loadClass('Symfony\\Compone...')
#4 /home4/webtesting/hrms-nexgeno.webtesting.pw/vendor/laravel/framework/src/Illuminate/Filesystem/Filesystem.php(563): Symfony\Component\Finder\Finder->sortByName()
#5 /home4/webtesting/hrms-nexgeno.webtesting.pw/vendor/laravel/framework/src/Illuminate/Foundation/Exceptions/WhoopsHandler.php(50): Illuminate\Filesystem\Filesystem->directories('/home4/webtesti...')
#6 /home4/webtesting/hrms-nexgeno.webtesting.pw/vendor/laravel/framework/src/Illuminate/Foundation/Exceptions/WhoopsHandler.php(36): Illuminate\Foundation\Exceptions\WhoopsHandler->directoriesExceptVendor()
#7 /home4/webtesting/hrms-nexgeno.webtesting.pw/vendor/laravel/framework/src/Illuminate/Foundation/Exceptions/WhoopsHandler.php(21): Illuminate\Foundation\Exceptions\WhoopsHandler->registerApplicationPaths(Object(Whoops\Handler\PrettyPageHandler))
#8 /home4/webtesting/hrms-nexgeno.webtesting.pw/vendor/laravel/framework/src/Illuminate/Support/helpers.php(263): Illuminate\Foundation\Exceptions\WhoopsHandler->Illuminate\Foundation\Exceptions\{closure}(Object(Whoops\Handler\PrettyPageHandler))
#9 /home4/webtesting/hrms-nexgeno.webtesting.pw/vendor/laravel/framework/src/Illuminate/Foundation/Exceptions/WhoopsHandler.php(18): tap(Object(Whoops\Handler\PrettyPageHandler), Object(Closure))
#10 /home4/webtesting/hrms-nexgeno.webtesting.pw/vendor/laravel/framework/src/Illuminate/Foundation/Exceptions/Handler.php(541): Illuminate\Foundation\Exceptions\WhoopsHandler->forDebug()
#11 /home4/webtesting/hrms-nexgeno.webtesting.pw/vendor/laravel/framework/src/Illuminate/Foundation/Exceptions/Handler.php(523): Illuminate\Foundation\Exceptions\Handler->whoopsHandler()
#12 /home4/webtesting/hrms-nexgeno.webtesting.pw/vendor/laravel/framework/src/Illuminate/Support/helpers.php(263): Illuminate\Foundation\Exceptions\Handler->Illuminate\Foundation\Exceptions\{closure}(Object(Whoops\Run))
#13 /home4/webtesting/hrms-nexgeno.webtesting.pw/vendor/laravel/framework/src/Illuminate/Foundation/Exceptions/Handler.php(522): tap(Object(Whoops\Run), Object(Closure))
#14 /home4/webtesting/hrms-nexgeno.webtesting.pw/vendor/laravel/framework/src/Illuminate/Foundation/Exceptions/Handler.php(507): Illuminate\Foundation\Exceptions\Handler->renderExceptionWithWhoops(Object(ErrorException))
#15 /home4/webtesting/hrms-nexgeno.webtesting.pw/vendor/laravel/framework/src/Illuminate/Foundation/Exceptions/Handler.php(491): Illuminate\Foundation\Exceptions\Handler->renderExceptionContent(Object(ErrorException))
#16 /home4/webtesting/hrms-nexgeno.webtesting.pw/vendor/laravel/framework/src/Illuminate/Foundation/Exceptions/Handler.php(470): Illuminate\Foundation\Exceptions\Handler->convertExceptionToResponse(Object(ErrorException))
#17 /home4/webtesting/hrms-nexgeno.webtesting.pw/vendor/laravel/framework/src/Illuminate/Foundation/Exceptions/Handler.php(356): Illuminate\Foundation\Exceptions\Handler->prepareResponse(Object(Illuminate\Http\Request), Object(ErrorException))
#18 /home4/webtesting/hrms-nexgeno.webtesting.pw/vendor/laravel/framework/src/Illuminate/Foundation/Http/Kernel.php(426): Illuminate\Foundation\Exceptions\Handler->render(Object(Illuminate\Http\Request), Object(ErrorException))
#19 /home4/webtesting/hrms-nexgeno.webtesting.pw/vendor/laravel/framework/src/Illuminate/Foundation/Http/Kernel.php(114): Illuminate\Foundation\Http\Kernel->renderException(Object(Illuminate\Http\Request), Object(ErrorException))
#20 /home4/webtesting/hrms-nexgeno.webtesting.pw/public/index.php(51): Illuminate\Foundation\Http\Kernel->handle(Object(Illuminate\Http\Request))
#21 /home4/webtesting/hrms-nexgeno.webtesting.pw/index.php(21): require_once('/home4/webtesti...')
#22 {main} in /home4/webtesting/hrms-nexgeno.webtesting.pw/vendor/symfony/finder/Iterator/SortableIterator.php on line 19
[05-Apr-2024 15:49:12 Asia/Calcutta] PHP Fatal error:  During inheritance of IteratorAggregate: Uncaught ErrorException: Return type of Symfony\Component\Finder\Iterator\SortableIterator::getIterator() should either be compatible with IteratorAggregate::getIterator(): Traversable, or the #[\ReturnTypeWillChange] attribute should be used to temporarily suppress the notice in /home4/webtesting/hrms-nexgeno.webtesting.pw/vendor/symfony/finder/Iterator/SortableIterator.php:84
Stack trace:
#0 /home4/webtesting/hrms-nexgeno.webtesting.pw/vendor/symfony/finder/Iterator/SortableIterator.php(19): Illuminate\Foundation\Bootstrap\HandleExceptions->handleError(8192, 'Return type of ...', '/home4/webtesti...', 84)
#1 /home4/webtesting/hrms-nexgeno.webtesting.pw/vendor/composer/ClassLoader.php(480): include('/home4/webtesti...')
#2 /home4/webtesting/hrms-nexgeno.webtesting.pw/vendor/composer/ClassLoader.php(346): Composer\Autoload\includeFile('/home4/webtesti...')
#3 /home4/webtesting/hrms-nexgeno.webtesting.pw/vendor/symfony/finder/Finder.php(438): Composer\Autoload\ClassLoader->loadClass('Symfony\\Compone...')
#4 /home4/webtesting/hrms-nexgeno.webtesting.pw/vendor/laravel/framework/src/Illuminate/Filesystem/Filesystem.php(563): Symfony\Component\Finder\Finder->sortByName()
#5 /home4/webtesting/hrms-nexgeno.webtesting.pw/vendor/laravel/framework/src/Illuminate/Foundation/Exceptions/WhoopsHandler.php(50): Illuminate\Filesystem\Filesystem->directories('/home4/webtesti...')
#6 /home4/webtesting/hrms-nexgeno.webtesting.pw/vendor/laravel/framework/src/Illuminate/Foundation/Exceptions/WhoopsHandler.php(36): Illuminate\Foundation\Exceptions\WhoopsHandler->directoriesExceptVendor()
#7 /home4/webtesting/hrms-nexgeno.webtesting.pw/vendor/laravel/framework/src/Illuminate/Foundation/Exceptions/WhoopsHandler.php(21): Illuminate\Foundation\Exceptions\WhoopsHandler->registerApplicationPaths(Object(Whoops\Handler\PrettyPageHandler))
#8 /home4/webtesting/hrms-nexgeno.webtesting.pw/vendor/laravel/framework/src/Illuminate/Support/helpers.php(263): Illuminate\Foundation\Exceptions\WhoopsHandler->Illuminate\Foundation\Exceptions\{closure}(Object(Whoops\Handler\PrettyPageHandler))
#9 /home4/webtesting/hrms-nexgeno.webtesting.pw/vendor/laravel/framework/src/Illuminate/Foundation/Exceptions/WhoopsHandler.php(18): tap(Object(Whoops\Handler\PrettyPageHandler), Object(Closure))
#10 /home4/webtesting/hrms-nexgeno.webtesting.pw/vendor/laravel/framework/src/Illuminate/Foundation/Exceptions/Handler.php(541): Illuminate\Foundation\Exceptions\WhoopsHandler->forDebug()
#11 /home4/webtesting/hrms-nexgeno.webtesting.pw/vendor/laravel/framework/src/Illuminate/Foundation/Exceptions/Handler.php(523): Illuminate\Foundation\Exceptions\Handler->whoopsHandler()
#12 /home4/webtesting/hrms-nexgeno.webtesting.pw/vendor/laravel/framework/src/Illuminate/Support/helpers.php(263): Illuminate\Foundation\Exceptions\Handler->Illuminate\Foundation\Exceptions\{closure}(Object(Whoops\Run))
#13 /home4/webtesting/hrms-nexgeno.webtesting.pw/vendor/laravel/framework/src/Illuminate/Foundation/Exceptions/Handler.php(522): tap(Object(Whoops\Run), Object(Closure))
#14 /home4/webtesting/hrms-nexgeno.webtesting.pw/vendor/laravel/framework/src/Illuminate/Foundation/Exceptions/Handler.php(507): Illuminate\Foundation\Exceptions\Handler->renderExceptionWithWhoops(Object(ErrorException))
#15 /home4/webtesting/hrms-nexgeno.webtesting.pw/vendor/laravel/framework/src/Illuminate/Foundation/Exceptions/Handler.php(491): Illuminate\Foundation\Exceptions\Handler->renderExceptionContent(Object(ErrorException))
#16 /home4/webtesting/hrms-nexgeno.webtesting.pw/vendor/laravel/framework/src/Illuminate/Foundation/Exceptions/Handler.php(470): Illuminate\Foundation\Exceptions\Handler->convertExceptionToResponse(Object(ErrorException))
#17 /home4/webtesting/hrms-nexgeno.webtesting.pw/vendor/laravel/framework/src/Illuminate/Foundation/Exceptions/Handler.php(356): Illuminate\Foundation\Exceptions\Handler->prepareResponse(Object(Illuminate\Http\Request), Object(ErrorException))
#18 /home4/webtesting/hrms-nexgeno.webtesting.pw/vendor/laravel/framework/src/Illuminate/Foundation/Http/Kernel.php(426): Illuminate\Foundation\Exceptions\Handler->render(Object(Illuminate\Http\Request), Object(ErrorException))
#19 /home4/webtesting/hrms-nexgeno.webtesting.pw/vendor/laravel/framework/src/Illuminate/Foundation/Http/Kernel.php(114): Illuminate\Foundation\Http\Kernel->renderException(Object(Illuminate\Http\Request), Object(ErrorException))
#20 /home4/webtesting/hrms-nexgeno.webtesting.pw/public/index.php(51): Illuminate\Foundation\Http\Kernel->handle(Object(Illuminate\Http\Request))
#21 /home4/webtesting/hrms-nexgeno.webtesting.pw/index.php(21): require_once('/home4/webtesti...')
#22 {main} in /home4/webtesting/hrms-nexgeno.webtesting.pw/vendor/symfony/finder/Iterator/SortableIterator.php on line 19
[05-Apr-2024 15:49:13 Asia/Calcutta] PHP Fatal error:  During inheritance of IteratorAggregate: Uncaught ErrorException: Return type of Symfony\Component\Finder\Iterator\SortableIterator::getIterator() should either be compatible with IteratorAggregate::getIterator(): Traversable, or the #[\ReturnTypeWillChange] attribute should be used to temporarily suppress the notice in /home4/webtesting/hrms-nexgeno.webtesting.pw/vendor/symfony/finder/Iterator/SortableIterator.php:84
Stack trace:
#0 /home4/webtesting/hrms-nexgeno.webtesting.pw/vendor/symfony/finder/Iterator/SortableIterator.php(19): Illuminate\Foundation\Bootstrap\HandleExceptions->handleError(8192, 'Return type of ...', '/home4/webtesti...', 84)
#1 /home4/webtesting/hrms-nexgeno.webtesting.pw/vendor/composer/ClassLoader.php(480): include('/home4/webtesti...')
#2 /home4/webtesting/hrms-nexgeno.webtesting.pw/vendor/composer/ClassLoader.php(346): Composer\Autoload\includeFile('/home4/webtesti...')
#3 /home4/webtesting/hrms-nexgeno.webtesting.pw/vendor/symfony/finder/Finder.php(438): Composer\Autoload\ClassLoader->loadClass('Symfony\\Compone...')
#4 /home4/webtesting/hrms-nexgeno.webtesting.pw/vendor/laravel/framework/src/Illuminate/Filesystem/Filesystem.php(563): Symfony\Component\Finder\Finder->sortByName()
#5 /home4/webtesting/hrms-nexgeno.webtesting.pw/vendor/laravel/framework/src/Illuminate/Foundation/Exceptions/WhoopsHandler.php(50): Illuminate\Filesystem\Filesystem->directories('/home4/webtesti...')
#6 /home4/webtesting/hrms-nexgeno.webtesting.pw/vendor/laravel/framework/src/Illuminate/Foundation/Exceptions/WhoopsHandler.php(36): Illuminate\Foundation\Exceptions\WhoopsHandler->directoriesExceptVendor()
#7 /home4/webtesting/hrms-nexgeno.webtesting.pw/vendor/laravel/framework/src/Illuminate/Foundation/Exceptions/WhoopsHandler.php(21): Illuminate\Foundation\Exceptions\WhoopsHandler->registerApplicationPaths(Object(Whoops\Handler\PrettyPageHandler))
#8 /home4/webtesting/hrms-nexgeno.webtesting.pw/vendor/laravel/framework/src/Illuminate/Support/helpers.php(263): Illuminate\Foundation\Exceptions\WhoopsHandler->Illuminate\Foundation\Exceptions\{closure}(Object(Whoops\Handler\PrettyPageHandler))
#9 /home4/webtesting/hrms-nexgeno.webtesting.pw/vendor/laravel/framework/src/Illuminate/Foundation/Exceptions/WhoopsHandler.php(18): tap(Object(Whoops\Handler\PrettyPageHandler), Object(Closure))
#10 /home4/webtesting/hrms-nexgeno.webtesting.pw/vendor/laravel/framework/src/Illuminate/Foundation/Exceptions/Handler.php(541): Illuminate\Foundation\Exceptions\WhoopsHandler->forDebug()
#11 /home4/webtesting/hrms-nexgeno.webtesting.pw/vendor/laravel/framework/src/Illuminate/Foundation/Exceptions/Handler.php(523): Illuminate\Foundation\Exceptions\Handler->whoopsHandler()
#12 /home4/webtesting/hrms-nexgeno.webtesting.pw/vendor/laravel/framework/src/Illuminate/Support/helpers.php(263): Illuminate\Foundation\Exceptions\Handler->Illuminate\Foundation\Exceptions\{closure}(Object(Whoops\Run))
#13 /home4/webtesting/hrms-nexgeno.webtesting.pw/vendor/laravel/framework/src/Illuminate/Foundation/Exceptions/Handler.php(522): tap(Object(Whoops\Run), Object(Closure))
#14 /home4/webtesting/hrms-nexgeno.webtesting.pw/vendor/laravel/framework/src/Illuminate/Foundation/Exceptions/Handler.php(507): Illuminate\Foundation\Exceptions\Handler->renderExceptionWithWhoops(Object(ErrorException))
#15 /home4/webtesting/hrms-nexgeno.webtesting.pw/vendor/laravel/framework/src/Illuminate/Foundation/Exceptions/Handler.php(491): Illuminate\Foundation\Exceptions\Handler->renderExceptionContent(Object(ErrorException))
#16 /home4/webtesting/hrms-nexgeno.webtesting.pw/vendor/laravel/framework/src/Illuminate/Foundation/Exceptions/Handler.php(470): Illuminate\Foundation\Exceptions\Handler->convertExceptionToResponse(Object(ErrorException))
#17 /home4/webtesting/hrms-nexgeno.webtesting.pw/vendor/laravel/framework/src/Illuminate/Foundation/Exceptions/Handler.php(356): Illuminate\Foundation\Exceptions\Handler->prepareResponse(Object(Illuminate\Http\Request), Object(ErrorException))
#18 /home4/webtesting/hrms-nexgeno.webtesting.pw/vendor/laravel/framework/src/Illuminate/Foundation/Http/Kernel.php(426): Illuminate\Foundation\Exceptions\Handler->render(Object(Illuminate\Http\Request), Object(ErrorException))
#19 /home4/webtesting/hrms-nexgeno.webtesting.pw/vendor/laravel/framework/src/Illuminate/Foundation/Http/Kernel.php(114): Illuminate\Foundation\Http\Kernel->renderException(Object(Illuminate\Http\Request), Object(ErrorException))
#20 /home4/webtesting/hrms-nexgeno.webtesting.pw/public/index.php(51): Illuminate\Foundation\Http\Kernel->handle(Object(Illuminate\Http\Request))
#21 /home4/webtesting/hrms-nexgeno.webtesting.pw/index.php(21): require_once('/home4/webtesti...')
#22 {main} in /home4/webtesting/hrms-nexgeno.webtesting.pw/vendor/symfony/finder/Iterator/SortableIterator.php on line 19
[05-Apr-2024 15:49:15 Asia/Calcutta] PHP Fatal error:  During inheritance of IteratorAggregate: Uncaught ErrorException: Return type of Symfony\Component\Finder\Iterator\SortableIterator::getIterator() should either be compatible with IteratorAggregate::getIterator(): Traversable, or the #[\ReturnTypeWillChange] attribute should be used to temporarily suppress the notice in /home4/webtesting/hrms-nexgeno.webtesting.pw/vendor/symfony/finder/Iterator/SortableIterator.php:84
Stack trace:
#0 /home4/webtesting/hrms-nexgeno.webtesting.pw/vendor/symfony/finder/Iterator/SortableIterator.php(19): Illuminate\Foundation\Bootstrap\HandleExceptions->handleError(8192, 'Return type of ...', '/home4/webtesti...', 84)
#1 /home4/webtesting/hrms-nexgeno.webtesting.pw/vendor/composer/ClassLoader.php(480): include('/home4/webtesti...')
#2 /home4/webtesting/hrms-nexgeno.webtesting.pw/vendor/composer/ClassLoader.php(346): Composer\Autoload\includeFile('/home4/webtesti...')
#3 /home4/webtesting/hrms-nexgeno.webtesting.pw/vendor/symfony/finder/Finder.php(438): Composer\Autoload\ClassLoader->loadClass('Symfony\\Compone...')
#4 /home4/webtesting/hrms-nexgeno.webtesting.pw/vendor/laravel/framework/src/Illuminate/Filesystem/Filesystem.php(563): Symfony\Component\Finder\Finder->sortByName()
#5 /home4/webtesting/hrms-nexgeno.webtesting.pw/vendor/laravel/framework/src/Illuminate/Foundation/Exceptions/WhoopsHandler.php(50): Illuminate\Filesystem\Filesystem->directories('/home4/webtesti...')
#6 /home4/webtesting/hrms-nexgeno.webtesting.pw/vendor/laravel/framework/src/Illuminate/Foundation/Exceptions/WhoopsHandler.php(36): Illuminate\Foundation\Exceptions\WhoopsHandler->directoriesExceptVendor()
#7 /home4/webtesting/hrms-nexgeno.webtesting.pw/vendor/laravel/framework/src/Illuminate/Foundation/Exceptions/WhoopsHandler.php(21): Illuminate\Foundation\Exceptions\WhoopsHandler->registerApplicationPaths(Object(Whoops\Handler\PrettyPageHandler))
#8 /home4/webtesting/hrms-nexgeno.webtesting.pw/vendor/laravel/framework/src/Illuminate/Support/helpers.php(263): Illuminate\Foundation\Exceptions\WhoopsHandler->Illuminate\Foundation\Exceptions\{closure}(Object(Whoops\Handler\PrettyPageHandler))
#9 /home4/webtesting/hrms-nexgeno.webtesting.pw/vendor/laravel/framework/src/Illuminate/Foundation/Exceptions/WhoopsHandler.php(18): tap(Object(Whoops\Handler\PrettyPageHandler), Object(Closure))
#10 /home4/webtesting/hrms-nexgeno.webtesting.pw/vendor/laravel/framework/src/Illuminate/Foundation/Exceptions/Handler.php(541): Illuminate\Foundation\Exceptions\WhoopsHandler->forDebug()
#11 /home4/webtesting/hrms-nexgeno.webtesting.pw/vendor/laravel/framework/src/Illuminate/Foundation/Exceptions/Handler.php(523): Illuminate\Foundation\Exceptions\Handler->whoopsHandler()
#12 /home4/webtesting/hrms-nexgeno.webtesting.pw/vendor/laravel/framework/src/Illuminate/Support/helpers.php(263): Illuminate\Foundation\Exceptions\Handler->Illuminate\Foundation\Exceptions\{closure}(Object(Whoops\Run))
#13 /home4/webtesting/hrms-nexgeno.webtesting.pw/vendor/laravel/framework/src/Illuminate/Foundation/Exceptions/Handler.php(522): tap(Object(Whoops\Run), Object(Closure))
#14 /home4/webtesting/hrms-nexgeno.webtesting.pw/vendor/laravel/framework/src/Illuminate/Foundation/Exceptions/Handler.php(507): Illuminate\Foundation\Exceptions\Handler->renderExceptionWithWhoops(Object(ErrorException))
#15 /home4/webtesting/hrms-nexgeno.webtesting.pw/vendor/laravel/framework/src/Illuminate/Foundation/Exceptions/Handler.php(491): Illuminate\Foundation\Exceptions\Handler->renderExceptionContent(Object(ErrorException))
#16 /home4/webtesting/hrms-nexgeno.webtesting.pw/vendor/laravel/framework/src/Illuminate/Foundation/Exceptions/Handler.php(470): Illuminate\Foundation\Exceptions\Handler->convertExceptionToResponse(Object(ErrorException))
#17 /home4/webtesting/hrms-nexgeno.webtesting.pw/vendor/laravel/framework/src/Illuminate/Foundation/Exceptions/Handler.php(356): Illuminate\Foundation\Exceptions\Handler->prepareResponse(Object(Illuminate\Http\Request), Object(ErrorException))
#18 /home4/webtesting/hrms-nexgeno.webtesting.pw/vendor/laravel/framework/src/Illuminate/Foundation/Http/Kernel.php(426): Illuminate\Foundation\Exceptions\Handler->render(Object(Illuminate\Http\Request), Object(ErrorException))
#19 /home4/webtesting/hrms-nexgeno.webtesting.pw/vendor/laravel/framework/src/Illuminate/Foundation/Http/Kernel.php(114): Illuminate\Foundation\Http\Kernel->renderException(Object(Illuminate\Http\Request), Object(ErrorException))
#20 /home4/webtesting/hrms-nexgeno.webtesting.pw/public/index.php(51): Illuminate\Foundation\Http\Kernel->handle(Object(Illuminate\Http\Request))
#21 /home4/webtesting/hrms-nexgeno.webtesting.pw/index.php(21): require_once('/home4/webtesti...')
#22 {main} in /home4/webtesting/hrms-nexgeno.webtesting.pw/vendor/symfony/finder/Iterator/SortableIterator.php on line 19
[05-Apr-2024 15:49:16 Asia/Calcutta] PHP Fatal error:  During inheritance of IteratorAggregate: Uncaught ErrorException: Return type of Symfony\Component\Finder\Iterator\SortableIterator::getIterator() should either be compatible with IteratorAggregate::getIterator(): Traversable, or the #[\ReturnTypeWillChange] attribute should be used to temporarily suppress the notice in /home4/webtesting/hrms-nexgeno.webtesting.pw/vendor/symfony/finder/Iterator/SortableIterator.php:84
Stack trace:
#0 /home4/webtesting/hrms-nexgeno.webtesting.pw/vendor/symfony/finder/Iterator/SortableIterator.php(19): Illuminate\Foundation\Bootstrap\HandleExceptions->handleError(8192, 'Return type of ...', '/home4/webtesti...', 84)
#1 /home4/webtesting/hrms-nexgeno.webtesting.pw/vendor/composer/ClassLoader.php(480): include('/home4/webtesti...')
#2 /home4/webtesting/hrms-nexgeno.webtesting.pw/vendor/composer/ClassLoader.php(346): Composer\Autoload\includeFile('/home4/webtesti...')
#3 /home4/webtesting/hrms-nexgeno.webtesting.pw/vendor/symfony/finder/Finder.php(438): Composer\Autoload\ClassLoader->loadClass('Symfony\\Compone...')
#4 /home4/webtesting/hrms-nexgeno.webtesting.pw/vendor/laravel/framework/src/Illuminate/Filesystem/Filesystem.php(563): Symfony\Component\Finder\Finder->sortByName()
#5 /home4/webtesting/hrms-nexgeno.webtesting.pw/vendor/laravel/framework/src/Illuminate/Foundation/Exceptions/WhoopsHandler.php(50): Illuminate\Filesystem\Filesystem->directories('/home4/webtesti...')
#6 /home4/webtesting/hrms-nexgeno.webtesting.pw/vendor/laravel/framework/src/Illuminate/Foundation/Exceptions/WhoopsHandler.php(36): Illuminate\Foundation\Exceptions\WhoopsHandler->directoriesExceptVendor()
#7 /home4/webtesting/hrms-nexgeno.webtesting.pw/vendor/laravel/framework/src/Illuminate/Foundation/Exceptions/WhoopsHandler.php(21): Illuminate\Foundation\Exceptions\WhoopsHandler->registerApplicationPaths(Object(Whoops\Handler\PrettyPageHandler))
#8 /home4/webtesting/hrms-nexgeno.webtesting.pw/vendor/laravel/framework/src/Illuminate/Support/helpers.php(263): Illuminate\Foundation\Exceptions\WhoopsHandler->Illuminate\Foundation\Exceptions\{closure}(Object(Whoops\Handler\PrettyPageHandler))
#9 /home4/webtesting/hrms-nexgeno.webtesting.pw/vendor/laravel/framework/src/Illuminate/Foundation/Exceptions/WhoopsHandler.php(18): tap(Object(Whoops\Handler\PrettyPageHandler), Object(Closure))
#10 /home4/webtesting/hrms-nexgeno.webtesting.pw/vendor/laravel/framework/src/Illuminate/Foundation/Exceptions/Handler.php(541): Illuminate\Foundation\Exceptions\WhoopsHandler->forDebug()
#11 /home4/webtesting/hrms-nexgeno.webtesting.pw/vendor/laravel/framework/src/Illuminate/Foundation/Exceptions/Handler.php(523): Illuminate\Foundation\Exceptions\Handler->whoopsHandler()
#12 /home4/webtesting/hrms-nexgeno.webtesting.pw/vendor/laravel/framework/src/Illuminate/Support/helpers.php(263): Illuminate\Foundation\Exceptions\Handler->Illuminate\Foundation\Exceptions\{closure}(Object(Whoops\Run))
#13 /home4/webtesting/hrms-nexgeno.webtesting.pw/vendor/laravel/framework/src/Illuminate/Foundation/Exceptions/Handler.php(522): tap(Object(Whoops\Run), Object(Closure))
#14 /home4/webtesting/hrms-nexgeno.webtesting.pw/vendor/laravel/framework/src/Illuminate/Foundation/Exceptions/Handler.php(507): Illuminate\Foundation\Exceptions\Handler->renderExceptionWithWhoops(Object(ErrorException))
#15 /home4/webtesting/hrms-nexgeno.webtesting.pw/vendor/laravel/framework/src/Illuminate/Foundation/Exceptions/Handler.php(491): Illuminate\Foundation\Exceptions\Handler->renderExceptionContent(Object(ErrorException))
#16 /home4/webtesting/hrms-nexgeno.webtesting.pw/vendor/laravel/framework/src/Illuminate/Foundation/Exceptions/Handler.php(470): Illuminate\Foundation\Exceptions\Handler->convertExceptionToResponse(Object(ErrorException))
#17 /home4/webtesting/hrms-nexgeno.webtesting.pw/vendor/laravel/framework/src/Illuminate/Foundation/Exceptions/Handler.php(356): Illuminate\Foundation\Exceptions\Handler->prepareResponse(Object(Illuminate\Http\Request), Object(ErrorException))
#18 /home4/webtesting/hrms-nexgeno.webtesting.pw/vendor/laravel/framework/src/Illuminate/Foundation/Http/Kernel.php(426): Illuminate\Foundation\Exceptions\Handler->render(Object(Illuminate\Http\Request), Object(ErrorException))
#19 /home4/webtesting/hrms-nexgeno.webtesting.pw/vendor/laravel/framework/src/Illuminate/Foundation/Http/Kernel.php(114): Illuminate\Foundation\Http\Kernel->renderException(Object(Illuminate\Http\Request), Object(ErrorException))
#20 /home4/webtesting/hrms-nexgeno.webtesting.pw/public/index.php(51): Illuminate\Foundation\Http\Kernel->handle(Object(Illuminate\Http\Request))
#21 /home4/webtesting/hrms-nexgeno.webtesting.pw/index.php(21): require_once('/home4/webtesti...')
#22 {main} in /home4/webtesting/hrms-nexgeno.webtesting.pw/vendor/symfony/finder/Iterator/SortableIterator.php on line 19
[05-Apr-2024 15:49:17 Asia/Calcutta] PHP Fatal error:  During inheritance of IteratorAggregate: Uncaught ErrorException: Return type of Symfony\Component\Finder\Iterator\SortableIterator::getIterator() should either be compatible with IteratorAggregate::getIterator(): Traversable, or the #[\ReturnTypeWillChange] attribute should be used to temporarily suppress the notice in /home4/webtesting/hrms-nexgeno.webtesting.pw/vendor/symfony/finder/Iterator/SortableIterator.php:84
Stack trace:
#0 /home4/webtesting/hrms-nexgeno.webtesting.pw/vendor/symfony/finder/Iterator/SortableIterator.php(19): Illuminate\Foundation\Bootstrap\HandleExceptions->handleError(8192, 'Return type of ...', '/home4/webtesti...', 84)
#1 /home4/webtesting/hrms-nexgeno.webtesting.pw/vendor/composer/ClassLoader.php(480): include('/home4/webtesti...')
#2 /home4/webtesting/hrms-nexgeno.webtesting.pw/vendor/composer/ClassLoader.php(346): Composer\Autoload\includeFile('/home4/webtesti...')
#3 /home4/webtesting/hrms-nexgeno.webtesting.pw/vendor/symfony/finder/Finder.php(438): Composer\Autoload\ClassLoader->loadClass('Symfony\\Compone...')
#4 /home4/webtesting/hrms-nexgeno.webtesting.pw/vendor/laravel/framework/src/Illuminate/Filesystem/Filesystem.php(563): Symfony\Component\Finder\Finder->sortByName()
#5 /home4/webtesting/hrms-nexgeno.webtesting.pw/vendor/laravel/framework/src/Illuminate/Foundation/Exceptions/WhoopsHandler.php(50): Illuminate\Filesystem\Filesystem->directories('/home4/webtesti...')
#6 /home4/webtesting/hrms-nexgeno.webtesting.pw/vendor/laravel/framework/src/Illuminate/Foundation/Exceptions/WhoopsHandler.php(36): Illuminate\Foundation\Exceptions\WhoopsHandler->directoriesExceptVendor()
#7 /home4/webtesting/hrms-nexgeno.webtesting.pw/vendor/laravel/framework/src/Illuminate/Foundation/Exceptions/WhoopsHandler.php(21): Illuminate\Foundation\Exceptions\WhoopsHandler->registerApplicationPaths(Object(Whoops\Handler\PrettyPageHandler))
#8 /home4/webtesting/hrms-nexgeno.webtesting.pw/vendor/laravel/framework/src/Illuminate/Support/helpers.php(263): Illuminate\Foundation\Exceptions\WhoopsHandler->Illuminate\Foundation\Exceptions\{closure}(Object(Whoops\Handler\PrettyPageHandler))
#9 /home4/webtesting/hrms-nexgeno.webtesting.pw/vendor/laravel/framework/src/Illuminate/Foundation/Exceptions/WhoopsHandler.php(18): tap(Object(Whoops\Handler\PrettyPageHandler), Object(Closure))
#10 /home4/webtesting/hrms-nexgeno.webtesting.pw/vendor/laravel/framework/src/Illuminate/Foundation/Exceptions/Handler.php(541): Illuminate\Foundation\Exceptions\WhoopsHandler->forDebug()
#11 /home4/webtesting/hrms-nexgeno.webtesting.pw/vendor/laravel/framework/src/Illuminate/Foundation/Exceptions/Handler.php(523): Illuminate\Foundation\Exceptions\Handler->whoopsHandler()
#12 /home4/webtesting/hrms-nexgeno.webtesting.pw/vendor/laravel/framework/src/Illuminate/Support/helpers.php(263): Illuminate\Foundation\Exceptions\Handler->Illuminate\Foundation\Exceptions\{closure}(Object(Whoops\Run))
#13 /home4/webtesting/hrms-nexgeno.webtesting.pw/vendor/laravel/framework/src/Illuminate/Foundation/Exceptions/Handler.php(522): tap(Object(Whoops\Run), Object(Closure))
#14 /home4/webtesting/hrms-nexgeno.webtesting.pw/vendor/laravel/framework/src/Illuminate/Foundation/Exceptions/Handler.php(507): Illuminate\Foundation\Exceptions\Handler->renderExceptionWithWhoops(Object(ErrorException))
#15 /home4/webtesting/hrms-nexgeno.webtesting.pw/vendor/laravel/framework/src/Illuminate/Foundation/Exceptions/Handler.php(491): Illuminate\Foundation\Exceptions\Handler->renderExceptionContent(Object(ErrorException))
#16 /home4/webtesting/hrms-nexgeno.webtesting.pw/vendor/laravel/framework/src/Illuminate/Foundation/Exceptions/Handler.php(470): Illuminate\Foundation\Exceptions\Handler->convertExceptionToResponse(Object(ErrorException))
#17 /home4/webtesting/hrms-nexgeno.webtesting.pw/vendor/laravel/framework/src/Illuminate/Foundation/Exceptions/Handler.php(356): Illuminate\Foundation\Exceptions\Handler->prepareResponse(Object(Illuminate\Http\Request), Object(ErrorException))
#18 /home4/webtesting/hrms-nexgeno.webtesting.pw/vendor/laravel/framework/src/Illuminate/Foundation/Http/Kernel.php(426): Illuminate\Foundation\Exceptions\Handler->render(Object(Illuminate\Http\Request), Object(ErrorException))
#19 /home4/webtesting/hrms-nexgeno.webtesting.pw/vendor/laravel/framework/src/Illuminate/Foundation/Http/Kernel.php(114): Illuminate\Foundation\Http\Kernel->renderException(Object(Illuminate\Http\Request), Object(ErrorException))
#20 /home4/webtesting/hrms-nexgeno.webtesting.pw/public/index.php(51): Illuminate\Foundation\Http\Kernel->handle(Object(Illuminate\Http\Request))
#21 /home4/webtesting/hrms-nexgeno.webtesting.pw/index.php(21): require_once('/home4/webtesti...')
#22 {main} in /home4/webtesting/hrms-nexgeno.webtesting.pw/vendor/symfony/finder/Iterator/SortableIterator.php on line 19
[05-Apr-2024 15:49:19 Asia/Calcutta] PHP Fatal error:  During inheritance of IteratorAggregate: Uncaught ErrorException: Return type of Symfony\Component\Finder\Iterator\SortableIterator::getIterator() should either be compatible with IteratorAggregate::getIterator(): Traversable, or the #[\ReturnTypeWillChange] attribute should be used to temporarily suppress the notice in /home4/webtesting/hrms-nexgeno.webtesting.pw/vendor/symfony/finder/Iterator/SortableIterator.php:84
Stack trace:
#0 /home4/webtesting/hrms-nexgeno.webtesting.pw/vendor/symfony/finder/Iterator/SortableIterator.php(19): Illuminate\Foundation\Bootstrap\HandleExceptions->handleError(8192, 'Return type of ...', '/home4/webtesti...', 84)
#1 /home4/webtesting/hrms-nexgeno.webtesting.pw/vendor/composer/ClassLoader.php(480): include('/home4/webtesti...')
#2 /home4/webtesting/hrms-nexgeno.webtesting.pw/vendor/composer/ClassLoader.php(346): Composer\Autoload\includeFile('/home4/webtesti...')
#3 /home4/webtesting/hrms-nexgeno.webtesting.pw/vendor/symfony/finder/Finder.php(438): Composer\Autoload\ClassLoader->loadClass('Symfony\\Compone...')
#4 /home4/webtesting/hrms-nexgeno.webtesting.pw/vendor/laravel/framework/src/Illuminate/Filesystem/Filesystem.php(563): Symfony\Component\Finder\Finder->sortByName()
#5 /home4/webtesting/hrms-nexgeno.webtesting.pw/vendor/laravel/framework/src/Illuminate/Foundation/Exceptions/WhoopsHandler.php(50): Illuminate\Filesystem\Filesystem->directories('/home4/webtesti...')
#6 /home4/webtesting/hrms-nexgeno.webtesting.pw/vendor/laravel/framework/src/Illuminate/Foundation/Exceptions/WhoopsHandler.php(36): Illuminate\Foundation\Exceptions\WhoopsHandler->directoriesExceptVendor()
#7 /home4/webtesting/hrms-nexgeno.webtesting.pw/vendor/laravel/framework/src/Illuminate/Foundation/Exceptions/WhoopsHandler.php(21): Illuminate\Foundation\Exceptions\WhoopsHandler->registerApplicationPaths(Object(Whoops\Handler\PrettyPageHandler))
#8 /home4/webtesting/hrms-nexgeno.webtesting.pw/vendor/laravel/framework/src/Illuminate/Support/helpers.php(263): Illuminate\Foundation\Exceptions\WhoopsHandler->Illuminate\Foundation\Exceptions\{closure}(Object(Whoops\Handler\PrettyPageHandler))
#9 /home4/webtesting/hrms-nexgeno.webtesting.pw/vendor/laravel/framework/src/Illuminate/Foundation/Exceptions/WhoopsHandler.php(18): tap(Object(Whoops\Handler\PrettyPageHandler), Object(Closure))
#10 /home4/webtesting/hrms-nexgeno.webtesting.pw/vendor/laravel/framework/src/Illuminate/Foundation/Exceptions/Handler.php(541): Illuminate\Foundation\Exceptions\WhoopsHandler->forDebug()
#11 /home4/webtesting/hrms-nexgeno.webtesting.pw/vendor/laravel/framework/src/Illuminate/Foundation/Exceptions/Handler.php(523): Illuminate\Foundation\Exceptions\Handler->whoopsHandler()
#12 /home4/webtesting/hrms-nexgeno.webtesting.pw/vendor/laravel/framework/src/Illuminate/Support/helpers.php(263): Illuminate\Foundation\Exceptions\Handler->Illuminate\Foundation\Exceptions\{closure}(Object(Whoops\Run))
#13 /home4/webtesting/hrms-nexgeno.webtesting.pw/vendor/laravel/framework/src/Illuminate/Foundation/Exceptions/Handler.php(522): tap(Object(Whoops\Run), Object(Closure))
#14 /home4/webtesting/hrms-nexgeno.webtesting.pw/vendor/laravel/framework/src/Illuminate/Foundation/Exceptions/Handler.php(507): Illuminate\Foundation\Exceptions\Handler->renderExceptionWithWhoops(Object(ErrorException))
#15 /home4/webtesting/hrms-nexgeno.webtesting.pw/vendor/laravel/framework/src/Illuminate/Foundation/Exceptions/Handler.php(491): Illuminate\Foundation\Exceptions\Handler->renderExceptionContent(Object(ErrorException))
#16 /home4/webtesting/hrms-nexgeno.webtesting.pw/vendor/laravel/framework/src/Illuminate/Foundation/Exceptions/Handler.php(470): Illuminate\Foundation\Exceptions\Handler->convertExceptionToResponse(Object(ErrorException))
#17 /home4/webtesting/hrms-nexgeno.webtesting.pw/vendor/laravel/framework/src/Illuminate/Foundation/Exceptions/Handler.php(356): Illuminate\Foundation\Exceptions\Handler->prepareResponse(Object(Illuminate\Http\Request), Object(ErrorException))
#18 /home4/webtesting/hrms-nexgeno.webtesting.pw/vendor/laravel/framework/src/Illuminate/Foundation/Http/Kernel.php(426): Illuminate\Foundation\Exceptions\Handler->render(Object(Illuminate\Http\Request), Object(ErrorException))
#19 /home4/webtesting/hrms-nexgeno.webtesting.pw/vendor/laravel/framework/src/Illuminate/Foundation/Http/Kernel.php(114): Illuminate\Foundation\Http\Kernel->renderException(Object(Illuminate\Http\Request), Object(ErrorException))
#20 /home4/webtesting/hrms-nexgeno.webtesting.pw/public/index.php(51): Illuminate\Foundation\Http\Kernel->handle(Object(Illuminate\Http\Request))
#21 /home4/webtesting/hrms-nexgeno.webtesting.pw/index.php(21): require_once('/home4/webtesti...')
#22 {main} in /home4/webtesting/hrms-nexgeno.webtesting.pw/vendor/symfony/finder/Iterator/SortableIterator.php on line 19
[05-Apr-2024 15:49:20 Asia/Calcutta] PHP Fatal error:  During inheritance of IteratorAggregate: Uncaught ErrorException: Return type of Symfony\Component\Finder\Iterator\SortableIterator::getIterator() should either be compatible with IteratorAggregate::getIterator(): Traversable, or the #[\ReturnTypeWillChange] attribute should be used to temporarily suppress the notice in /home4/webtesting/hrms-nexgeno.webtesting.pw/vendor/symfony/finder/Iterator/SortableIterator.php:84
Stack trace:
#0 /home4/webtesting/hrms-nexgeno.webtesting.pw/vendor/symfony/finder/Iterator/SortableIterator.php(19): Illuminate\Foundation\Bootstrap\HandleExceptions->handleError(8192, 'Return type of ...', '/home4/webtesti...', 84)
#1 /home4/webtesting/hrms-nexgeno.webtesting.pw/vendor/composer/ClassLoader.php(480): include('/home4/webtesti...')
#2 /home4/webtesting/hrms-nexgeno.webtesting.pw/vendor/composer/ClassLoader.php(346): Composer\Autoload\includeFile('/home4/webtesti...')
#3 /home4/webtesting/hrms-nexgeno.webtesting.pw/vendor/symfony/finder/Finder.php(438): Composer\Autoload\ClassLoader->loadClass('Symfony\\Compone...')
#4 /home4/webtesting/hrms-nexgeno.webtesting.pw/vendor/laravel/framework/src/Illuminate/Filesystem/Filesystem.php(563): Symfony\Component\Finder\Finder->sortByName()
#5 /home4/webtesting/hrms-nexgeno.webtesting.pw/vendor/laravel/framework/src/Illuminate/Foundation/Exceptions/WhoopsHandler.php(50): Illuminate\Filesystem\Filesystem->directories('/home4/webtesti...')
#6 /home4/webtesting/hrms-nexgeno.webtesting.pw/vendor/laravel/framework/src/Illuminate/Foundation/Exceptions/WhoopsHandler.php(36): Illuminate\Foundation\Exceptions\WhoopsHandler->directoriesExceptVendor()
#7 /home4/webtesting/hrms-nexgeno.webtesting.pw/vendor/laravel/framework/src/Illuminate/Foundation/Exceptions/WhoopsHandler.php(21): Illuminate\Foundation\Exceptions\WhoopsHandler->registerApplicationPaths(Object(Whoops\Handler\PrettyPageHandler))
#8 /home4/webtesting/hrms-nexgeno.webtesting.pw/vendor/laravel/framework/src/Illuminate/Support/helpers.php(263): Illuminate\Foundation\Exceptions\WhoopsHandler->Illuminate\Foundation\Exceptions\{closure}(Object(Whoops\Handler\PrettyPageHandler))
#9 /home4/webtesting/hrms-nexgeno.webtesting.pw/vendor/laravel/framework/src/Illuminate/Foundation/Exceptions/WhoopsHandler.php(18): tap(Object(Whoops\Handler\PrettyPageHandler), Object(Closure))
#10 /home4/webtesting/hrms-nexgeno.webtesting.pw/vendor/laravel/framework/src/Illuminate/Foundation/Exceptions/Handler.php(541): Illuminate\Foundation\Exceptions\WhoopsHandler->forDebug()
#11 /home4/webtesting/hrms-nexgeno.webtesting.pw/vendor/laravel/framework/src/Illuminate/Foundation/Exceptions/Handler.php(523): Illuminate\Foundation\Exceptions\Handler->whoopsHandler()
#12 /home4/webtesting/hrms-nexgeno.webtesting.pw/vendor/laravel/framework/src/Illuminate/Support/helpers.php(263): Illuminate\Foundation\Exceptions\Handler->Illuminate\Foundation\Exceptions\{closure}(Object(Whoops\Run))
#13 /home4/webtesting/hrms-nexgeno.webtesting.pw/vendor/laravel/framework/src/Illuminate/Foundation/Exceptions/Handler.php(522): tap(Object(Whoops\Run), Object(Closure))
#14 /home4/webtesting/hrms-nexgeno.webtesting.pw/vendor/laravel/framework/src/Illuminate/Foundation/Exceptions/Handler.php(507): Illuminate\Foundation\Exceptions\Handler->renderExceptionWithWhoops(Object(ErrorException))
#15 /home4/webtesting/hrms-nexgeno.webtesting.pw/vendor/laravel/framework/src/Illuminate/Foundation/Exceptions/Handler.php(491): Illuminate\Foundation\Exceptions\Handler->renderExceptionContent(Object(ErrorException))
#16 /home4/webtesting/hrms-nexgeno.webtesting.pw/vendor/laravel/framework/src/Illuminate/Foundation/Exceptions/Handler.php(470): Illuminate\Foundation\Exceptions\Handler->convertExceptionToResponse(Object(ErrorException))
#17 /home4/webtesting/hrms-nexgeno.webtesting.pw/vendor/laravel/framework/src/Illuminate/Foundation/Exceptions/Handler.php(356): Illuminate\Foundation\Exceptions\Handler->prepareResponse(Object(Illuminate\Http\Request), Object(ErrorException))
#18 /home4/webtesting/hrms-nexgeno.webtesting.pw/vendor/laravel/framework/src/Illuminate/Foundation/Http/Kernel.php(426): Illuminate\Foundation\Exceptions\Handler->render(Object(Illuminate\Http\Request), Object(ErrorException))
#19 /home4/webtesting/hrms-nexgeno.webtesting.pw/vendor/laravel/framework/src/Illuminate/Foundation/Http/Kernel.php(114): Illuminate\Foundation\Http\Kernel->renderException(Object(Illuminate\Http\Request), Object(ErrorException))
#20 /home4/webtesting/hrms-nexgeno.webtesting.pw/public/index.php(51): Illuminate\Foundation\Http\Kernel->handle(Object(Illuminate\Http\Request))
#21 /home4/webtesting/hrms-nexgeno.webtesting.pw/index.php(21): require_once('/home4/webtesti...')
#22 {main} in /home4/webtesting/hrms-nexgeno.webtesting.pw/vendor/symfony/finder/Iterator/SortableIterator.php on line 19
[05-Apr-2024 15:49:22 Asia/Calcutta] PHP Fatal error:  During inheritance of IteratorAggregate: Uncaught ErrorException: Return type of Symfony\Component\Finder\Iterator\SortableIterator::getIterator() should either be compatible with IteratorAggregate::getIterator(): Traversable, or the #[\ReturnTypeWillChange] attribute should be used to temporarily suppress the notice in /home4/webtesting/hrms-nexgeno.webtesting.pw/vendor/symfony/finder/Iterator/SortableIterator.php:84
Stack trace:
#0 /home4/webtesting/hrms-nexgeno.webtesting.pw/vendor/symfony/finder/Iterator/SortableIterator.php(19): Illuminate\Foundation\Bootstrap\HandleExceptions->handleError(8192, 'Return type of ...', '/home4/webtesti...', 84)
#1 /home4/webtesting/hrms-nexgeno.webtesting.pw/vendor/composer/ClassLoader.php(480): include('/home4/webtesti...')
#2 /home4/webtesting/hrms-nexgeno.webtesting.pw/vendor/composer/ClassLoader.php(346): Composer\Autoload\includeFile('/home4/webtesti...')
#3 /home4/webtesting/hrms-nexgeno.webtesting.pw/vendor/symfony/finder/Finder.php(438): Composer\Autoload\ClassLoader->loadClass('Symfony\\Compone...')
#4 /home4/webtesting/hrms-nexgeno.webtesting.pw/vendor/laravel/framework/src/Illuminate/Filesystem/Filesystem.php(563): Symfony\Component\Finder\Finder->sortByName()
#5 /home4/webtesting/hrms-nexgeno.webtesting.pw/vendor/laravel/framework/src/Illuminate/Foundation/Exceptions/WhoopsHandler.php(50): Illuminate\Filesystem\Filesystem->directories('/home4/webtesti...')
#6 /home4/webtesting/hrms-nexgeno.webtesting.pw/vendor/laravel/framework/src/Illuminate/Foundation/Exceptions/WhoopsHandler.php(36): Illuminate\Foundation\Exceptions\WhoopsHandler->directoriesExceptVendor()
#7 /home4/webtesting/hrms-nexgeno.webtesting.pw/vendor/laravel/framework/src/Illuminate/Foundation/Exceptions/WhoopsHandler.php(21): Illuminate\Foundation\Exceptions\WhoopsHandler->registerApplicationPaths(Object(Whoops\Handler\PrettyPageHandler))
#8 /home4/webtesting/hrms-nexgeno.webtesting.pw/vendor/laravel/framework/src/Illuminate/Support/helpers.php(263): Illuminate\Foundation\Exceptions\WhoopsHandler->Illuminate\Foundation\Exceptions\{closure}(Object(Whoops\Handler\PrettyPageHandler))
#9 /home4/webtesting/hrms-nexgeno.webtesting.pw/vendor/laravel/framework/src/Illuminate/Foundation/Exceptions/WhoopsHandler.php(18): tap(Object(Whoops\Handler\PrettyPageHandler), Object(Closure))
#10 /home4/webtesting/hrms-nexgeno.webtesting.pw/vendor/laravel/framework/src/Illuminate/Foundation/Exceptions/Handler.php(541): Illuminate\Foundation\Exceptions\WhoopsHandler->forDebug()
#11 /home4/webtesting/hrms-nexgeno.webtesting.pw/vendor/laravel/framework/src/Illuminate/Foundation/Exceptions/Handler.php(523): Illuminate\Foundation\Exceptions\Handler->whoopsHandler()
#12 /home4/webtesting/hrms-nexgeno.webtesting.pw/vendor/laravel/framework/src/Illuminate/Support/helpers.php(263): Illuminate\Foundation\Exceptions\Handler->Illuminate\Foundation\Exceptions\{closure}(Object(Whoops\Run))
#13 /home4/webtesting/hrms-nexgeno.webtesting.pw/vendor/laravel/framework/src/Illuminate/Foundation/Exceptions/Handler.php(522): tap(Object(Whoops\Run), Object(Closure))
#14 /home4/webtesting/hrms-nexgeno.webtesting.pw/vendor/laravel/framework/src/Illuminate/Foundation/Exceptions/Handler.php(507): Illuminate\Foundation\Exceptions\Handler->renderExceptionWithWhoops(Object(ErrorException))
#15 /home4/webtesting/hrms-nexgeno.webtesting.pw/vendor/laravel/framework/src/Illuminate/Foundation/Exceptions/Handler.php(491): Illuminate\Foundation\Exceptions\Handler->renderExceptionContent(Object(ErrorException))
#16 /home4/webtesting/hrms-nexgeno.webtesting.pw/vendor/laravel/framework/src/Illuminate/Foundation/Exceptions/Handler.php(470): Illuminate\Foundation\Exceptions\Handler->convertExceptionToResponse(Object(ErrorException))
#17 /home4/webtesting/hrms-nexgeno.webtesting.pw/vendor/laravel/framework/src/Illuminate/Foundation/Exceptions/Handler.php(356): Illuminate\Foundation\Exceptions\Handler->prepareResponse(Object(Illuminate\Http\Request), Object(ErrorException))
#18 /home4/webtesting/hrms-nexgeno.webtesting.pw/vendor/laravel/framework/src/Illuminate/Foundation/Http/Kernel.php(426): Illuminate\Foundation\Exceptions\Handler->render(Object(Illuminate\Http\Request), Object(ErrorException))
#19 /home4/webtesting/hrms-nexgeno.webtesting.pw/vendor/laravel/framework/src/Illuminate/Foundation/Http/Kernel.php(114): Illuminate\Foundation\Http\Kernel->renderException(Object(Illuminate\Http\Request), Object(ErrorException))
#20 /home4/webtesting/hrms-nexgeno.webtesting.pw/public/index.php(51): Illuminate\Foundation\Http\Kernel->handle(Object(Illuminate\Http\Request))
#21 /home4/webtesting/hrms-nexgeno.webtesting.pw/index.php(21): require_once('/home4/webtesti...')
#22 {main} in /home4/webtesting/hrms-nexgeno.webtesting.pw/vendor/symfony/finder/Iterator/SortableIterator.php on line 19
[05-Apr-2024 15:49:41 Asia/Calcutta] PHP Fatal error:  During inheritance of IteratorAggregate: Uncaught ErrorException: Return type of Symfony\Component\Finder\Iterator\SortableIterator::getIterator() should either be compatible with IteratorAggregate::getIterator(): Traversable, or the #[\ReturnTypeWillChange] attribute should be used to temporarily suppress the notice in /home4/webtesting/hrms-nexgeno.webtesting.pw/vendor/symfony/finder/Iterator/SortableIterator.php:84
Stack trace:
#0 /home4/webtesting/hrms-nexgeno.webtesting.pw/vendor/symfony/finder/Iterator/SortableIterator.php(19): Illuminate\Foundation\Bootstrap\HandleExceptions->handleError(8192, 'Return type of ...', '/home4/webtesti...', 84)
#1 /home4/webtesting/hrms-nexgeno.webtesting.pw/vendor/composer/ClassLoader.php(480): include('/home4/webtesti...')
#2 /home4/webtesting/hrms-nexgeno.webtesting.pw/vendor/composer/ClassLoader.php(346): Composer\Autoload\includeFile('/home4/webtesti...')
#3 /home4/webtesting/hrms-nexgeno.webtesting.pw/vendor/symfony/finder/Finder.php(438): Composer\Autoload\ClassLoader->loadClass('Symfony\\Compone...')
#4 /home4/webtesting/hrms-nexgeno.webtesting.pw/vendor/laravel/framework/src/Illuminate/Filesystem/Filesystem.php(563): Symfony\Component\Finder\Finder->sortByName()
#5 /home4/webtesting/hrms-nexgeno.webtesting.pw/vendor/laravel/framework/src/Illuminate/Foundation/Exceptions/WhoopsHandler.php(50): Illuminate\Filesystem\Filesystem->directories('/home4/webtesti...')
#6 /home4/webtesting/hrms-nexgeno.webtesting.pw/vendor/laravel/framework/src/Illuminate/Foundation/Exceptions/WhoopsHandler.php(36): Illuminate\Foundation\Exceptions\WhoopsHandler->directoriesExceptVendor()
#7 /home4/webtesting/hrms-nexgeno.webtesting.pw/vendor/laravel/framework/src/Illuminate/Foundation/Exceptions/WhoopsHandler.php(21): Illuminate\Foundation\Exceptions\WhoopsHandler->registerApplicationPaths(Object(Whoops\Handler\PrettyPageHandler))
#8 /home4/webtesting/hrms-nexgeno.webtesting.pw/vendor/laravel/framework/src/Illuminate/Support/helpers.php(263): Illuminate\Foundation\Exceptions\WhoopsHandler->Illuminate\Foundation\Exceptions\{closure}(Object(Whoops\Handler\PrettyPageHandler))
#9 /home4/webtesting/hrms-nexgeno.webtesting.pw/vendor/laravel/framework/src/Illuminate/Foundation/Exceptions/WhoopsHandler.php(18): tap(Object(Whoops\Handler\PrettyPageHandler), Object(Closure))
#10 /home4/webtesting/hrms-nexgeno.webtesting.pw/vendor/laravel/framework/src/Illuminate/Foundation/Exceptions/Handler.php(541): Illuminate\Foundation\Exceptions\WhoopsHandler->forDebug()
#11 /home4/webtesting/hrms-nexgeno.webtesting.pw/vendor/laravel/framework/src/Illuminate/Foundation/Exceptions/Handler.php(523): Illuminate\Foundation\Exceptions\Handler->whoopsHandler()
#12 /home4/webtesting/hrms-nexgeno.webtesting.pw/vendor/laravel/framework/src/Illuminate/Support/helpers.php(263): Illuminate\Foundation\Exceptions\Handler->Illuminate\Foundation\Exceptions\{closure}(Object(Whoops\Run))
#13 /home4/webtesting/hrms-nexgeno.webtesting.pw/vendor/laravel/framework/src/Illuminate/Foundation/Exceptions/Handler.php(522): tap(Object(Whoops\Run), Object(Closure))
#14 /home4/webtesting/hrms-nexgeno.webtesting.pw/vendor/laravel/framework/src/Illuminate/Foundation/Exceptions/Handler.php(507): Illuminate\Foundation\Exceptions\Handler->renderExceptionWithWhoops(Object(ErrorException))
#15 /home4/webtesting/hrms-nexgeno.webtesting.pw/vendor/laravel/framework/src/Illuminate/Foundation/Exceptions/Handler.php(491): Illuminate\Foundation\Exceptions\Handler->renderExceptionContent(Object(ErrorException))
#16 /home4/webtesting/hrms-nexgeno.webtesting.pw/vendor/laravel/framework/src/Illuminate/Foundation/Exceptions/Handler.php(470): Illuminate\Foundation\Exceptions\Handler->convertExceptionToResponse(Object(ErrorException))
#17 /home4/webtesting/hrms-nexgeno.webtesting.pw/vendor/laravel/framework/src/Illuminate/Foundation/Exceptions/Handler.php(356): Illuminate\Foundation\Exceptions\Handler->prepareResponse(Object(Illuminate\Http\Request), Object(ErrorException))
#18 /home4/webtesting/hrms-nexgeno.webtesting.pw/vendor/laravel/framework/src/Illuminate/Foundation/Http/Kernel.php(426): Illuminate\Foundation\Exceptions\Handler->render(Object(Illuminate\Http\Request), Object(ErrorException))
#19 /home4/webtesting/hrms-nexgeno.webtesting.pw/vendor/laravel/framework/src/Illuminate/Foundation/Http/Kernel.php(114): Illuminate\Foundation\Http\Kernel->renderException(Object(Illuminate\Http\Request), Object(ErrorException))
#20 /home4/webtesting/hrms-nexgeno.webtesting.pw/public/index.php(51): Illuminate\Foundation\Http\Kernel->handle(Object(Illuminate\Http\Request))
#21 /home4/webtesting/hrms-nexgeno.webtesting.pw/index.php(21): require_once('/home4/webtesti...')
#22 {main} in /home4/webtesting/hrms-nexgeno.webtesting.pw/vendor/symfony/finder/Iterator/SortableIterator.php on line 19
[05-Apr-2024 15:50:05 Asia/Calcutta] PHP Fatal error:  During inheritance of IteratorAggregate: Uncaught ErrorException: Return type of Symfony\Component\Finder\Iterator\SortableIterator::getIterator() should either be compatible with IteratorAggregate::getIterator(): Traversable, or the #[\ReturnTypeWillChange] attribute should be used to temporarily suppress the notice in /home4/webtesting/hrms-nexgeno.webtesting.pw/vendor/symfony/finder/Iterator/SortableIterator.php:84
Stack trace:
#0 /home4/webtesting/hrms-nexgeno.webtesting.pw/vendor/symfony/finder/Iterator/SortableIterator.php(19): Illuminate\Foundation\Bootstrap\HandleExceptions->handleError(8192, 'Return type of ...', '/home4/webtesti...', 84)
#1 /home4/webtesting/hrms-nexgeno.webtesting.pw/vendor/composer/ClassLoader.php(480): include('/home4/webtesti...')
#2 /home4/webtesting/hrms-nexgeno.webtesting.pw/vendor/composer/ClassLoader.php(346): Composer\Autoload\includeFile('/home4/webtesti...')
#3 /home4/webtesting/hrms-nexgeno.webtesting.pw/vendor/symfony/finder/Finder.php(438): Composer\Autoload\ClassLoader->loadClass('Symfony\\Compone...')
#4 /home4/webtesting/hrms-nexgeno.webtesting.pw/vendor/laravel/framework/src/Illuminate/Filesystem/Filesystem.php(563): Symfony\Component\Finder\Finder->sortByName()
#5 /home4/webtesting/hrms-nexgeno.webtesting.pw/vendor/laravel/framework/src/Illuminate/Foundation/Exceptions/WhoopsHandler.php(50): Illuminate\Filesystem\Filesystem->directories('/home4/webtesti...')
#6 /home4/webtesting/hrms-nexgeno.webtesting.pw/vendor/laravel/framework/src/Illuminate/Foundation/Exceptions/WhoopsHandler.php(36): Illuminate\Foundation\Exceptions\WhoopsHandler->directoriesExceptVendor()
#7 /home4/webtesting/hrms-nexgeno.webtesting.pw/vendor/laravel/framework/src/Illuminate/Foundation/Exceptions/WhoopsHandler.php(21): Illuminate\Foundation\Exceptions\WhoopsHandler->registerApplicationPaths(Object(Whoops\Handler\PrettyPageHandler))
#8 /home4/webtesting/hrms-nexgeno.webtesting.pw/vendor/laravel/framework/src/Illuminate/Support/helpers.php(263): Illuminate\Foundation\Exceptions\WhoopsHandler->Illuminate\Foundation\Exceptions\{closure}(Object(Whoops\Handler\PrettyPageHandler))
#9 /home4/webtesting/hrms-nexgeno.webtesting.pw/vendor/laravel/framework/src/Illuminate/Foundation/Exceptions/WhoopsHandler.php(18): tap(Object(Whoops\Handler\PrettyPageHandler), Object(Closure))
#10 /home4/webtesting/hrms-nexgeno.webtesting.pw/vendor/laravel/framework/src/Illuminate/Foundation/Exceptions/Handler.php(541): Illuminate\Foundation\Exceptions\WhoopsHandler->forDebug()
#11 /home4/webtesting/hrms-nexgeno.webtesting.pw/vendor/laravel/framework/src/Illuminate/Foundation/Exceptions/Handler.php(523): Illuminate\Foundation\Exceptions\Handler->whoopsHandler()
#12 /home4/webtesting/hrms-nexgeno.webtesting.pw/vendor/laravel/framework/src/Illuminate/Support/helpers.php(263): Illuminate\Foundation\Exceptions\Handler->Illuminate\Foundation\Exceptions\{closure}(Object(Whoops\Run))
#13 /home4/webtesting/hrms-nexgeno.webtesting.pw/vendor/laravel/framework/src/Illuminate/Foundation/Exceptions/Handler.php(522): tap(Object(Whoops\Run), Object(Closure))
#14 /home4/webtesting/hrms-nexgeno.webtesting.pw/vendor/laravel/framework/src/Illuminate/Foundation/Exceptions/Handler.php(507): Illuminate\Foundation\Exceptions\Handler->renderExceptionWithWhoops(Object(ErrorException))
#15 /home4/webtesting/hrms-nexgeno.webtesting.pw/vendor/laravel/framework/src/Illuminate/Foundation/Exceptions/Handler.php(491): Illuminate\Foundation\Exceptions\Handler->renderExceptionContent(Object(ErrorException))
#16 /home4/webtesting/hrms-nexgeno.webtesting.pw/vendor/laravel/framework/src/Illuminate/Foundation/Exceptions/Handler.php(470): Illuminate\Foundation\Exceptions\Handler->convertExceptionToResponse(Object(ErrorException))
#17 /home4/webtesting/hrms-nexgeno.webtesting.pw/vendor/laravel/framework/src/Illuminate/Foundation/Exceptions/Handler.php(356): Illuminate\Foundation\Exceptions\Handler->prepareResponse(Object(Illuminate\Http\Request), Object(ErrorException))
#18 /home4/webtesting/hrms-nexgeno.webtesting.pw/vendor/laravel/framework/src/Illuminate/Foundation/Http/Kernel.php(426): Illuminate\Foundation\Exceptions\Handler->render(Object(Illuminate\Http\Request), Object(ErrorException))
#19 /home4/webtesting/hrms-nexgeno.webtesting.pw/vendor/laravel/framework/src/Illuminate/Foundation/Http/Kernel.php(114): Illuminate\Foundation\Http\Kernel->renderException(Object(Illuminate\Http\Request), Object(ErrorException))
#20 /home4/webtesting/hrms-nexgeno.webtesting.pw/public/index.php(51): Illuminate\Foundation\Http\Kernel->handle(Object(Illuminate\Http\Request))
#21 /home4/webtesting/hrms-nexgeno.webtesting.pw/index.php(21): require_once('/home4/webtesti...')
#22 {main} in /home4/webtesting/hrms-nexgeno.webtesting.pw/vendor/symfony/finder/Iterator/SortableIterator.php on line 19
[05-Apr-2024 15:50:08 Asia/Calcutta] PHP Fatal error:  During inheritance of IteratorAggregate: Uncaught ErrorException: Return type of Symfony\Component\Finder\Iterator\SortableIterator::getIterator() should either be compatible with IteratorAggregate::getIterator(): Traversable, or the #[\ReturnTypeWillChange] attribute should be used to temporarily suppress the notice in /home4/webtesting/hrms-nexgeno.webtesting.pw/vendor/symfony/finder/Iterator/SortableIterator.php:84
Stack trace:
#0 /home4/webtesting/hrms-nexgeno.webtesting.pw/vendor/symfony/finder/Iterator/SortableIterator.php(19): Illuminate\Foundation\Bootstrap\HandleExceptions->handleError(8192, 'Return type of ...', '/home4/webtesti...', 84)
#1 /home4/webtesting/hrms-nexgeno.webtesting.pw/vendor/composer/ClassLoader.php(480): include('/home4/webtesti...')
#2 /home4/webtesting/hrms-nexgeno.webtesting.pw/vendor/composer/ClassLoader.php(346): Composer\Autoload\includeFile('/home4/webtesti...')
#3 /home4/webtesting/hrms-nexgeno.webtesting.pw/vendor/symfony/finder/Finder.php(438): Composer\Autoload\ClassLoader->loadClass('Symfony\\Compone...')
#4 /home4/webtesting/hrms-nexgeno.webtesting.pw/vendor/laravel/framework/src/Illuminate/Filesystem/Filesystem.php(563): Symfony\Component\Finder\Finder->sortByName()
#5 /home4/webtesting/hrms-nexgeno.webtesting.pw/vendor/laravel/framework/src/Illuminate/Foundation/Exceptions/WhoopsHandler.php(50): Illuminate\Filesystem\Filesystem->directories('/home4/webtesti...')
#6 /home4/webtesting/hrms-nexgeno.webtesting.pw/vendor/laravel/framework/src/Illuminate/Foundation/Exceptions/WhoopsHandler.php(36): Illuminate\Foundation\Exceptions\WhoopsHandler->directoriesExceptVendor()
#7 /home4/webtesting/hrms-nexgeno.webtesting.pw/vendor/laravel/framework/src/Illuminate/Foundation/Exceptions/WhoopsHandler.php(21): Illuminate\Foundation\Exceptions\WhoopsHandler->registerApplicationPaths(Object(Whoops\Handler\PrettyPageHandler))
#8 /home4/webtesting/hrms-nexgeno.webtesting.pw/vendor/laravel/framework/src/Illuminate/Support/helpers.php(263): Illuminate\Foundation\Exceptions\WhoopsHandler->Illuminate\Foundation\Exceptions\{closure}(Object(Whoops\Handler\PrettyPageHandler))
#9 /home4/webtesting/hrms-nexgeno.webtesting.pw/vendor/laravel/framework/src/Illuminate/Foundation/Exceptions/WhoopsHandler.php(18): tap(Object(Whoops\Handler\PrettyPageHandler), Object(Closure))
#10 /home4/webtesting/hrms-nexgeno.webtesting.pw/vendor/laravel/framework/src/Illuminate/Foundation/Exceptions/Handler.php(541): Illuminate\Foundation\Exceptions\WhoopsHandler->forDebug()
#11 /home4/webtesting/hrms-nexgeno.webtesting.pw/vendor/laravel/framework/src/Illuminate/Foundation/Exceptions/Handler.php(523): Illuminate\Foundation\Exceptions\Handler->whoopsHandler()
#12 /home4/webtesting/hrms-nexgeno.webtesting.pw/vendor/laravel/framework/src/Illuminate/Support/helpers.php(263): Illuminate\Foundation\Exceptions\Handler->Illuminate\Foundation\Exceptions\{closure}(Object(Whoops\Run))
#13 /home4/webtesting/hrms-nexgeno.webtesting.pw/vendor/laravel/framework/src/Illuminate/Foundation/Exceptions/Handler.php(522): tap(Object(Whoops\Run), Object(Closure))
#14 /home4/webtesting/hrms-nexgeno.webtesting.pw/vendor/laravel/framework/src/Illuminate/Foundation/Exceptions/Handler.php(507): Illuminate\Foundation\Exceptions\Handler->renderExceptionWithWhoops(Object(ErrorException))
#15 /home4/webtesting/hrms-nexgeno.webtesting.pw/vendor/laravel/framework/src/Illuminate/Foundation/Exceptions/Handler.php(491): Illuminate\Foundation\Exceptions\Handler->renderExceptionContent(Object(ErrorException))
#16 /home4/webtesting/hrms-nexgeno.webtesting.pw/vendor/laravel/framework/src/Illuminate/Foundation/Exceptions/Handler.php(470): Illuminate\Foundation\Exceptions\Handler->convertExceptionToResponse(Object(ErrorException))
#17 /home4/webtesting/hrms-nexgeno.webtesting.pw/vendor/laravel/framework/src/Illuminate/Foundation/Exceptions/Handler.php(356): Illuminate\Foundation\Exceptions\Handler->prepareResponse(Object(Illuminate\Http\Request), Object(ErrorException))
#18 /home4/webtesting/hrms-nexgeno.webtesting.pw/vendor/laravel/framework/src/Illuminate/Foundation/Http/Kernel.php(426): Illuminate\Foundation\Exceptions\Handler->render(Object(Illuminate\Http\Request), Object(ErrorException))
#19 /home4/webtesting/hrms-nexgeno.webtesting.pw/vendor/laravel/framework/src/Illuminate/Foundation/Http/Kernel.php(114): Illuminate\Foundation\Http\Kernel->renderException(Object(Illuminate\Http\Request), Object(ErrorException))
#20 /home4/webtesting/hrms-nexgeno.webtesting.pw/public/index.php(51): Illuminate\Foundation\Http\Kernel->handle(Object(Illuminate\Http\Request))
#21 /home4/webtesting/hrms-nexgeno.webtesting.pw/index.php(21): require_once('/home4/webtesti...')
#22 {main} in /home4/webtesting/hrms-nexgeno.webtesting.pw/vendor/symfony/finder/Iterator/SortableIterator.php on line 19
[05-Apr-2024 15:50:59 Asia/Calcutta] PHP Fatal error:  During inheritance of IteratorAggregate: Uncaught ErrorException: Return type of Symfony\Component\Finder\Iterator\SortableIterator::getIterator() should either be compatible with IteratorAggregate::getIterator(): Traversable, or the #[\ReturnTypeWillChange] attribute should be used to temporarily suppress the notice in /home4/webtesting/hrms-nexgeno.webtesting.pw/vendor/symfony/finder/Iterator/SortableIterator.php:84
Stack trace:
#0 /home4/webtesting/hrms-nexgeno.webtesting.pw/vendor/symfony/finder/Iterator/SortableIterator.php(19): Illuminate\Foundation\Bootstrap\HandleExceptions->handleError(8192, 'Return type of ...', '/home4/webtesti...', 84)
#1 /home4/webtesting/hrms-nexgeno.webtesting.pw/vendor/composer/ClassLoader.php(480): include('/home4/webtesti...')
#2 /home4/webtesting/hrms-nexgeno.webtesting.pw/vendor/composer/ClassLoader.php(346): Composer\Autoload\includeFile('/home4/webtesti...')
#3 /home4/webtesting/hrms-nexgeno.webtesting.pw/vendor/symfony/finder/Finder.php(438): Composer\Autoload\ClassLoader->loadClass('Symfony\\Compone...')
#4 /home4/webtesting/hrms-nexgeno.webtesting.pw/vendor/laravel/framework/src/Illuminate/Filesystem/Filesystem.php(563): Symfony\Component\Finder\Finder->sortByName()
#5 /home4/webtesting/hrms-nexgeno.webtesting.pw/vendor/laravel/framework/src/Illuminate/Foundation/Exceptions/WhoopsHandler.php(50): Illuminate\Filesystem\Filesystem->directories('/home4/webtesti...')
#6 /home4/webtesting/hrms-nexgeno.webtesting.pw/vendor/laravel/framework/src/Illuminate/Foundation/Exceptions/WhoopsHandler.php(36): Illuminate\Foundation\Exceptions\WhoopsHandler->directoriesExceptVendor()
#7 /home4/webtesting/hrms-nexgeno.webtesting.pw/vendor/laravel/framework/src/Illuminate/Foundation/Exceptions/WhoopsHandler.php(21): Illuminate\Foundation\Exceptions\WhoopsHandler->registerApplicationPaths(Object(Whoops\Handler\PrettyPageHandler))
#8 /home4/webtesting/hrms-nexgeno.webtesting.pw/vendor/laravel/framework/src/Illuminate/Support/helpers.php(263): Illuminate\Foundation\Exceptions\WhoopsHandler->Illuminate\Foundation\Exceptions\{closure}(Object(Whoops\Handler\PrettyPageHandler))
#9 /home4/webtesting/hrms-nexgeno.webtesting.pw/vendor/laravel/framework/src/Illuminate/Foundation/Exceptions/WhoopsHandler.php(18): tap(Object(Whoops\Handler\PrettyPageHandler), Object(Closure))
#10 /home4/webtesting/hrms-nexgeno.webtesting.pw/vendor/laravel/framework/src/Illuminate/Foundation/Exceptions/Handler.php(541): Illuminate\Foundation\Exceptions\WhoopsHandler->forDebug()
#11 /home4/webtesting/hrms-nexgeno.webtesting.pw/vendor/laravel/framework/src/Illuminate/Foundation/Exceptions/Handler.php(523): Illuminate\Foundation\Exceptions\Handler->whoopsHandler()
#12 /home4/webtesting/hrms-nexgeno.webtesting.pw/vendor/laravel/framework/src/Illuminate/Support/helpers.php(263): Illuminate\Foundation\Exceptions\Handler->Illuminate\Foundation\Exceptions\{closure}(Object(Whoops\Run))
#13 /home4/webtesting/hrms-nexgeno.webtesting.pw/vendor/laravel/framework/src/Illuminate/Foundation/Exceptions/Handler.php(522): tap(Object(Whoops\Run), Object(Closure))
#14 /home4/webtesting/hrms-nexgeno.webtesting.pw/vendor/laravel/framework/src/Illuminate/Foundation/Exceptions/Handler.php(507): Illuminate\Foundation\Exceptions\Handler->renderExceptionWithWhoops(Object(ErrorException))
#15 /home4/webtesting/hrms-nexgeno.webtesting.pw/vendor/laravel/framework/src/Illuminate/Foundation/Exceptions/Handler.php(491): Illuminate\Foundation\Exceptions\Handler->renderExceptionContent(Object(ErrorException))
#16 /home4/webtesting/hrms-nexgeno.webtesting.pw/vendor/laravel/framework/src/Illuminate/Foundation/Exceptions/Handler.php(470): Illuminate\Foundation\Exceptions\Handler->convertExceptionToResponse(Object(ErrorException))
#17 /home4/webtesting/hrms-nexgeno.webtesting.pw/vendor/laravel/framework/src/Illuminate/Foundation/Exceptions/Handler.php(356): Illuminate\Foundation\Exceptions\Handler->prepareResponse(Object(Illuminate\Http\Request), Object(ErrorException))
#18 /home4/webtesting/hrms-nexgeno.webtesting.pw/vendor/laravel/framework/src/Illuminate/Foundation/Http/Kernel.php(426): Illuminate\Foundation\Exceptions\Handler->render(Object(Illuminate\Http\Request), Object(ErrorException))
#19 /home4/webtesting/hrms-nexgeno.webtesting.pw/vendor/laravel/framework/src/Illuminate/Foundation/Http/Kernel.php(114): Illuminate\Foundation\Http\Kernel->renderException(Object(Illuminate\Http\Request), Object(ErrorException))
#20 /home4/webtesting/hrms-nexgeno.webtesting.pw/public/index.php(51): Illuminate\Foundation\Http\Kernel->handle(Object(Illuminate\Http\Request))
#21 /home4/webtesting/hrms-nexgeno.webtesting.pw/index.php(21): require_once('/home4/webtesti...')
#22 {main} in /home4/webtesting/hrms-nexgeno.webtesting.pw/vendor/symfony/finder/Iterator/SortableIterator.php on line 19
[05-Apr-2024 15:51:50 Asia/Calcutta] PHP Fatal error:  During inheritance of IteratorAggregate: Uncaught ErrorException: Return type of Symfony\Component\Finder\Iterator\SortableIterator::getIterator() should either be compatible with IteratorAggregate::getIterator(): Traversable, or the #[\ReturnTypeWillChange] attribute should be used to temporarily suppress the notice in /home4/webtesting/hrms-nexgeno.webtesting.pw/vendor/symfony/finder/Iterator/SortableIterator.php:84
Stack trace:
#0 /home4/webtesting/hrms-nexgeno.webtesting.pw/vendor/symfony/finder/Iterator/SortableIterator.php(19): Illuminate\Foundation\Bootstrap\HandleExceptions->handleError(8192, 'Return type of ...', '/home4/webtesti...', 84)
#1 /home4/webtesting/hrms-nexgeno.webtesting.pw/vendor/composer/ClassLoader.php(480): include('/home4/webtesti...')
#2 /home4/webtesting/hrms-nexgeno.webtesting.pw/vendor/composer/ClassLoader.php(346): Composer\Autoload\includeFile('/home4/webtesti...')
#3 /home4/webtesting/hrms-nexgeno.webtesting.pw/vendor/symfony/finder/Finder.php(438): Composer\Autoload\ClassLoader->loadClass('Symfony\\Compone...')
#4 /home4/webtesting/hrms-nexgeno.webtesting.pw/vendor/laravel/framework/src/Illuminate/Filesystem/Filesystem.php(563): Symfony\Component\Finder\Finder->sortByName()
#5 /home4/webtesting/hrms-nexgeno.webtesting.pw/vendor/laravel/framework/src/Illuminate/Foundation/Exceptions/WhoopsHandler.php(50): Illuminate\Filesystem\Filesystem->directories('/home4/webtesti...')
#6 /home4/webtesting/hrms-nexgeno.webtesting.pw/vendor/laravel/framework/src/Illuminate/Foundation/Exceptions/WhoopsHandler.php(36): Illuminate\Foundation\Exceptions\WhoopsHandler->directoriesExceptVendor()
#7 /home4/webtesting/hrms-nexgeno.webtesting.pw/vendor/laravel/framework/src/Illuminate/Foundation/Exceptions/WhoopsHandler.php(21): Illuminate\Foundation\Exceptions\WhoopsHandler->registerApplicationPaths(Object(Whoops\Handler\PrettyPageHandler))
#8 /home4/webtesting/hrms-nexgeno.webtesting.pw/vendor/laravel/framework/src/Illuminate/Support/helpers.php(263): Illuminate\Foundation\Exceptions\WhoopsHandler->Illuminate\Foundation\Exceptions\{closure}(Object(Whoops\Handler\PrettyPageHandler))
#9 /home4/webtesting/hrms-nexgeno.webtesting.pw/vendor/laravel/framework/src/Illuminate/Foundation/Exceptions/WhoopsHandler.php(18): tap(Object(Whoops\Handler\PrettyPageHandler), Object(Closure))
#10 /home4/webtesting/hrms-nexgeno.webtesting.pw/vendor/laravel/framework/src/Illuminate/Foundation/Exceptions/Handler.php(541): Illuminate\Foundation\Exceptions\WhoopsHandler->forDebug()
#11 /home4/webtesting/hrms-nexgeno.webtesting.pw/vendor/laravel/framework/src/Illuminate/Foundation/Exceptions/Handler.php(523): Illuminate\Foundation\Exceptions\Handler->whoopsHandler()
#12 /home4/webtesting/hrms-nexgeno.webtesting.pw/vendor/laravel/framework/src/Illuminate/Support/helpers.php(263): Illuminate\Foundation\Exceptions\Handler->Illuminate\Foundation\Exceptions\{closure}(Object(Whoops\Run))
#13 /home4/webtesting/hrms-nexgeno.webtesting.pw/vendor/laravel/framework/src/Illuminate/Foundation/Exceptions/Handler.php(522): tap(Object(Whoops\Run), Object(Closure))
#14 /home4/webtesting/hrms-nexgeno.webtesting.pw/vendor/laravel/framework/src/Illuminate/Foundation/Exceptions/Handler.php(507): Illuminate\Foundation\Exceptions\Handler->renderExceptionWithWhoops(Object(ErrorException))
#15 /home4/webtesting/hrms-nexgeno.webtesting.pw/vendor/laravel/framework/src/Illuminate/Foundation/Exceptions/Handler.php(491): Illuminate\Foundation\Exceptions\Handler->renderExceptionContent(Object(ErrorException))
#16 /home4/webtesting/hrms-nexgeno.webtesting.pw/vendor/laravel/framework/src/Illuminate/Foundation/Exceptions/Handler.php(470): Illuminate\Foundation\Exceptions\Handler->convertExceptionToResponse(Object(ErrorException))
#17 /home4/webtesting/hrms-nexgeno.webtesting.pw/vendor/laravel/framework/src/Illuminate/Foundation/Exceptions/Handler.php(356): Illuminate\Foundation\Exceptions\Handler->prepareResponse(Object(Illuminate\Http\Request), Object(ErrorException))
#18 /home4/webtesting/hrms-nexgeno.webtesting.pw/vendor/laravel/framework/src/Illuminate/Foundation/Http/Kernel.php(426): Illuminate\Foundation\Exceptions\Handler->render(Object(Illuminate\Http\Request), Object(ErrorException))
#19 /home4/webtesting/hrms-nexgeno.webtesting.pw/vendor/laravel/framework/src/Illuminate/Foundation/Http/Kernel.php(114): Illuminate\Foundation\Http\Kernel->renderException(Object(Illuminate\Http\Request), Object(ErrorException))
#20 /home4/webtesting/hrms-nexgeno.webtesting.pw/public/index.php(51): Illuminate\Foundation\Http\Kernel->handle(Object(Illuminate\Http\Request))
#21 /home4/webtesting/hrms-nexgeno.webtesting.pw/index.php(21): require_once('/home4/webtesti...')
#22 {main} in /home4/webtesting/hrms-nexgeno.webtesting.pw/vendor/symfony/finder/Iterator/SortableIterator.php on line 19
[05-Apr-2024 15:52:16 Asia/Calcutta] PHP Fatal error:  During inheritance of IteratorAggregate: Uncaught ErrorException: Return type of Symfony\Component\Finder\Iterator\SortableIterator::getIterator() should either be compatible with IteratorAggregate::getIterator(): Traversable, or the #[\ReturnTypeWillChange] attribute should be used to temporarily suppress the notice in /home4/webtesting/hrms-nexgeno.webtesting.pw/vendor/symfony/finder/Iterator/SortableIterator.php:84
Stack trace:
#0 /home4/webtesting/hrms-nexgeno.webtesting.pw/vendor/symfony/finder/Iterator/SortableIterator.php(19): Illuminate\Foundation\Bootstrap\HandleExceptions->handleError(8192, 'Return type of ...', '/home4/webtesti...', 84)
#1 /home4/webtesting/hrms-nexgeno.webtesting.pw/vendor/composer/ClassLoader.php(480): include('/home4/webtesti...')
#2 /home4/webtesting/hrms-nexgeno.webtesting.pw/vendor/composer/ClassLoader.php(346): Composer\Autoload\includeFile('/home4/webtesti...')
#3 /home4/webtesting/hrms-nexgeno.webtesting.pw/vendor/symfony/finder/Finder.php(438): Composer\Autoload\ClassLoader->loadClass('Symfony\\Compone...')
#4 /home4/webtesting/hrms-nexgeno.webtesting.pw/vendor/laravel/framework/src/Illuminate/Filesystem/Filesystem.php(563): Symfony\Component\Finder\Finder->sortByName()
#5 /home4/webtesting/hrms-nexgeno.webtesting.pw/vendor/laravel/framework/src/Illuminate/Foundation/Exceptions/WhoopsHandler.php(50): Illuminate\Filesystem\Filesystem->directories('/home4/webtesti...')
#6 /home4/webtesting/hrms-nexgeno.webtesting.pw/vendor/laravel/framework/src/Illuminate/Foundation/Exceptions/WhoopsHandler.php(36): Illuminate\Foundation\Exceptions\WhoopsHandler->directoriesExceptVendor()
#7 /home4/webtesting/hrms-nexgeno.webtesting.pw/vendor/laravel/framework/src/Illuminate/Foundation/Exceptions/WhoopsHandler.php(21): Illuminate\Foundation\Exceptions\WhoopsHandler->registerApplicationPaths(Object(Whoops\Handler\PrettyPageHandler))
#8 /home4/webtesting/hrms-nexgeno.webtesting.pw/vendor/laravel/framework/src/Illuminate/Support/helpers.php(263): Illuminate\Foundation\Exceptions\WhoopsHandler->Illuminate\Foundation\Exceptions\{closure}(Object(Whoops\Handler\PrettyPageHandler))
#9 /home4/webtesting/hrms-nexgeno.webtesting.pw/vendor/laravel/framework/src/Illuminate/Foundation/Exceptions/WhoopsHandler.php(18): tap(Object(Whoops\Handler\PrettyPageHandler), Object(Closure))
#10 /home4/webtesting/hrms-nexgeno.webtesting.pw/vendor/laravel/framework/src/Illuminate/Foundation/Exceptions/Handler.php(541): Illuminate\Foundation\Exceptions\WhoopsHandler->forDebug()
#11 /home4/webtesting/hrms-nexgeno.webtesting.pw/vendor/laravel/framework/src/Illuminate/Foundation/Exceptions/Handler.php(523): Illuminate\Foundation\Exceptions\Handler->whoopsHandler()
#12 /home4/webtesting/hrms-nexgeno.webtesting.pw/vendor/laravel/framework/src/Illuminate/Support/helpers.php(263): Illuminate\Foundation\Exceptions\Handler->Illuminate\Foundation\Exceptions\{closure}(Object(Whoops\Run))
#13 /home4/webtesting/hrms-nexgeno.webtesting.pw/vendor/laravel/framework/src/Illuminate/Foundation/Exceptions/Handler.php(522): tap(Object(Whoops\Run), Object(Closure))
#14 /home4/webtesting/hrms-nexgeno.webtesting.pw/vendor/laravel/framework/src/Illuminate/Foundation/Exceptions/Handler.php(507): Illuminate\Foundation\Exceptions\Handler->renderExceptionWithWhoops(Object(ErrorException))
#15 /home4/webtesting/hrms-nexgeno.webtesting.pw/vendor/laravel/framework/src/Illuminate/Foundation/Exceptions/Handler.php(491): Illuminate\Foundation\Exceptions\Handler->renderExceptionContent(Object(ErrorException))
#16 /home4/webtesting/hrms-nexgeno.webtesting.pw/vendor/laravel/framework/src/Illuminate/Foundation/Exceptions/Handler.php(470): Illuminate\Foundation\Exceptions\Handler->convertExceptionToResponse(Object(ErrorException))
#17 /home4/webtesting/hrms-nexgeno.webtesting.pw/vendor/laravel/framework/src/Illuminate/Foundation/Exceptions/Handler.php(356): Illuminate\Foundation\Exceptions\Handler->prepareResponse(Object(Illuminate\Http\Request), Object(ErrorException))
#18 /home4/webtesting/hrms-nexgeno.webtesting.pw/vendor/laravel/framework/src/Illuminate/Foundation/Http/Kernel.php(426): Illuminate\Foundation\Exceptions\Handler->render(Object(Illuminate\Http\Request), Object(ErrorException))
#19 /home4/webtesting/hrms-nexgeno.webtesting.pw/vendor/laravel/framework/src/Illuminate/Foundation/Http/Kernel.php(114): Illuminate\Foundation\Http\Kernel->renderException(Object(Illuminate\Http\Request), Object(ErrorException))
#20 /home4/webtesting/hrms-nexgeno.webtesting.pw/public/index.php(51): Illuminate\Foundation\Http\Kernel->handle(Object(Illuminate\Http\Request))
#21 /home4/webtesting/hrms-nexgeno.webtesting.pw/index.php(21): require_once('/home4/webtesti...')
#22 {main} in /home4/webtesting/hrms-nexgeno.webtesting.pw/vendor/symfony/finder/Iterator/SortableIterator.php on line 19
[05-Apr-2024 15:52:48 Asia/Calcutta] PHP Fatal error:  Uncaught ReflectionException: Class "view" does not exist in /home4/webtesting/hrms-nexgeno.webtesting.pw/vendor/laravel/framework/src/Illuminate/Container/Container.php:873
Stack trace:
#0 /home4/webtesting/hrms-nexgeno.webtesting.pw/vendor/laravel/framework/src/Illuminate/Container/Container.php(873): ReflectionClass->__construct('view')
#1 /home4/webtesting/hrms-nexgeno.webtesting.pw/vendor/laravel/framework/src/Illuminate/Container/Container.php(754): Illuminate\Container\Container->build('view')
#2 /home4/webtesting/hrms-nexgeno.webtesting.pw/vendor/laravel/framework/src/Illuminate/Foundation/Application.php(841): Illuminate\Container\Container->resolve('view', Array, true)
#3 /home4/webtesting/hrms-nexgeno.webtesting.pw/vendor/laravel/framework/src/Illuminate/Container/Container.php(692): Illuminate\Foundation\Application->resolve('view', Array)
#4 /home4/webtesting/hrms-nexgeno.webtesting.pw/vendor/laravel/framework/src/Illuminate/Foundation/Application.php(826): Illuminate\Container\Container->make('view', Array)
#5 /home4/webtesting/hrms-nexgeno.webtesting.pw/vendor/laravel/framework/src/Illuminate/Container/Container.php(1420): Illuminate\Foundation\Application->make('view')
#6 /home4/webtesting/hrms-nexgeno.webtesting.pw/vendor/laravel/framework/src/Illuminate/Support/Facades/Facade.php(198): Illuminate\Container\Container->offsetGet('view')
#7 /home4/webtesting/hrms-nexgeno.webtesting.pw/vendor/laravel/framework/src/Illuminate/Support/Facades/Facade.php(166): Illuminate\Support\Facades\Facade::resolveFacadeInstance('view')
#8 /home4/webtesting/hrms-nexgeno.webtesting.pw/vendor/laravel/framework/src/Illuminate/Support/Facades/Facade.php(255): Illuminate\Support\Facades\Facade::getFacadeRoot()
#9 /home4/webtesting/hrms-nexgeno.webtesting.pw/vendor/laravel/framework/src/Illuminate/Foundation/Exceptions/RegisterErrorViewPaths.php(16): Illuminate\Support\Facades\Facade::__callStatic('replaceNamespac...', Array)
#10 /home4/webtesting/hrms-nexgeno.webtesting.pw/vendor/laravel/framework/src/Illuminate/Foundation/Exceptions/Handler.php(586): Illuminate\Foundation\Exceptions\RegisterErrorViewPaths->__invoke()
#11 /home4/webtesting/hrms-nexgeno.webtesting.pw/vendor/laravel/framework/src/Illuminate/Foundation/Exceptions/Handler.php(567): Illuminate\Foundation\Exceptions\Handler->registerErrorViewPaths()
#12 /home4/webtesting/hrms-nexgeno.webtesting.pw/vendor/laravel/framework/src/Illuminate/Foundation/Exceptions/Handler.php(478): Illuminate\Foundation\Exceptions\Handler->renderHttpException(Object(Symfony\Component\HttpKernel\Exception\HttpException))
#13 /home4/webtesting/hrms-nexgeno.webtesting.pw/vendor/laravel/framework/src/Illuminate/Foundation/Exceptions/Handler.php(356): Illuminate\Foundation\Exceptions\Handler->prepareResponse(Object(Illuminate\Http\Request), Object(Symfony\Component\HttpKernel\Exception\HttpException))
#14 /home4/webtesting/hrms-nexgeno.webtesting.pw/vendor/laravel/framework/src/Illuminate/Foundation/Bootstrap/HandleExceptions.php(119): Illuminate\Foundation\Exceptions\Handler->render(Object(Illuminate\Http\Request), Object(Illuminate\Contracts\Container\BindingResolutionException))
#15 /home4/webtesting/hrms-nexgeno.webtesting.pw/vendor/laravel/framework/src/Illuminate/Foundation/Bootstrap/HandleExceptions.php(96): Illuminate\Foundation\Bootstrap\HandleExceptions->renderHttpResponse(Object(Illuminate\Contracts\Container\BindingResolutionException))
#16 [internal function]: Illuminate\Foundation\Bootstrap\HandleExceptions->handleException(Object(Illuminate\Contracts\Container\BindingResolutionException))
#17 {main}

Next Illuminate\Contracts\Container\BindingResolutionException: Target class [view] does not exist. in /home4/webtesting/hrms-nexgeno.webtesting.pw/vendor/laravel/framework/src/Illuminate/Container/Container.php:875
Stack trace:
#0 /home4/webtesting/hrms-nexgeno.webtesting.pw/vendor/laravel/framework/src/Illuminate/Container/Container.php(754): Illuminate\Container\Container->build('view')
#1 /home4/webtesting/hrms-nexgeno.webtesting.pw/vendor/laravel/framework/src/Illuminate/Foundation/Application.php(841): Illuminate\Container\Container->resolve('view', Array, true)
#2 /home4/webtesting/hrms-nexgeno.webtesting.pw/vendor/laravel/framework/src/Illuminate/Container/Container.php(692): Illuminate\Foundation\Application->resolve('view', Array)
#3 /home4/webtesting/hrms-nexgeno.webtesting.pw/vendor/laravel/framework/src/Illuminate/Foundation/Application.php(826): Illuminate\Container\Container->make('view', Array)
#4 /home4/webtesting/hrms-nexgeno.webtesting.pw/vendor/laravel/framework/src/Illuminate/Container/Container.php(1420): Illuminate\Foundation\Application->make('view')
#5 /home4/webtesting/hrms-nexgeno.webtesting.pw/vendor/laravel/framework/src/Illuminate/Support/Facades/Facade.php(198): Illuminate\Container\Container->offsetGet('view')
#6 /home4/webtesting/hrms-nexgeno.webtesting.pw/vendor/laravel/framework/src/Illuminate/Support/Facades/Facade.php(166): Illuminate\Support\Facades\Facade::resolveFacadeInstance('view')
#7 /home4/webtesting/hrms-nexgeno.webtesting.pw/vendor/laravel/framework/src/Illuminate/Support/Facades/Facade.php(255): Illuminate\Support\Facades\Facade::getFacadeRoot()
#8 /home4/webtesting/hrms-nexgeno.webtesting.pw/vendor/laravel/framework/src/Illuminate/Foundation/Exceptions/RegisterErrorViewPaths.php(16): Illuminate\Support\Facades\Facade::__callStatic('replaceNamespac...', Array)
#9 /home4/webtesting/hrms-nexgeno.webtesting.pw/vendor/laravel/framework/src/Illuminate/Foundation/Exceptions/Handler.php(586): Illuminate\Foundation\Exceptions\RegisterErrorViewPaths->__invoke()
#10 /home4/webtesting/hrms-nexgeno.webtesting.pw/vendor/laravel/framework/src/Illuminate/Foundation/Exceptions/Handler.php(567): Illuminate\Foundation\Exceptions\Handler->registerErrorViewPaths()
#11 /home4/webtesting/hrms-nexgeno.webtesting.pw/vendor/laravel/framework/src/Illuminate/Foundation/Exceptions/Handler.php(478): Illuminate\Foundation\Exceptions\Handler->renderHttpException(Object(Symfony\Component\HttpKernel\Exception\HttpException))
#12 /home4/webtesting/hrms-nexgeno.webtesting.pw/vendor/laravel/framework/src/Illuminate/Foundation/Exceptions/Handler.php(356): Illuminate\Foundation\Exceptions\Handler->prepareResponse(Object(Illuminate\Http\Request), Object(Symfony\Component\HttpKernel\Exception\HttpException))
#13 /home4/webtesting/hrms-nexgeno.webtesting.pw/vendor/laravel/framework/src/Illuminate/Foundation/Bootstrap/HandleExceptions.php(119): Illuminate\Foundation\Exceptions\Handler->render(Object(Illuminate\Http\Request), Object(Illuminate\Contracts\Container\BindingResolutionException))
#14 /home4/webtesting/hrms-nexgeno.webtesting.pw/vendor/laravel/framework/src/Illuminate/Foundation/Bootstrap/HandleExceptions.php(96): Illuminate\Foundation\Bootstrap\HandleExceptions->renderHttpResponse(Object(Illuminate\Contracts\Container\BindingResolutionException))
#15 [internal function]: Illuminate\Foundation\Bootstrap\HandleExceptions->handleException(Object(Illuminate\Contracts\Container\BindingResolutionException))
#16 {main}
  thrown in /home4/webtesting/hrms-nexgeno.webtesting.pw/vendor/laravel/framework/src/Illuminate/Container/Container.php on line 875
[05-Apr-2024 15:52:55 Asia/Calcutta] PHP Fatal error:  During inheritance of IteratorAggregate: Uncaught ErrorException: Return type of Symfony\Component\Finder\Iterator\SortableIterator::getIterator() should either be compatible with IteratorAggregate::getIterator(): Traversable, or the #[\ReturnTypeWillChange] attribute should be used to temporarily suppress the notice in /home4/webtesting/hrms-nexgeno.webtesting.pw/vendor/symfony/finder/Iterator/SortableIterator.php:84
Stack trace:
#0 /home4/webtesting/hrms-nexgeno.webtesting.pw/vendor/symfony/finder/Iterator/SortableIterator.php(19): Illuminate\Foundation\Bootstrap\HandleExceptions->handleError(8192, 'Return type of ...', '/home4/webtesti...', 84)
#1 /home4/webtesting/hrms-nexgeno.webtesting.pw/vendor/composer/ClassLoader.php(480): include('/home4/webtesti...')
#2 /home4/webtesting/hrms-nexgeno.webtesting.pw/vendor/composer/ClassLoader.php(346): Composer\Autoload\includeFile('/home4/webtesti...')
#3 /home4/webtesting/hrms-nexgeno.webtesting.pw/vendor/symfony/finder/Finder.php(438): Composer\Autoload\ClassLoader->loadClass('Symfony\\Compone...')
#4 /home4/webtesting/hrms-nexgeno.webtesting.pw/vendor/laravel/framework/src/Illuminate/Filesystem/Filesystem.php(563): Symfony\Component\Finder\Finder->sortByName()
#5 /home4/webtesting/hrms-nexgeno.webtesting.pw/vendor/laravel/framework/src/Illuminate/Foundation/Exceptions/WhoopsHandler.php(50): Illuminate\Filesystem\Filesystem->directories('/home4/webtesti...')
#6 /home4/webtesting/hrms-nexgeno.webtesting.pw/vendor/laravel/framework/src/Illuminate/Foundation/Exceptions/WhoopsHandler.php(36): Illuminate\Foundation\Exceptions\WhoopsHandler->directoriesExceptVendor()
#7 /home4/webtesting/hrms-nexgeno.webtesting.pw/vendor/laravel/framework/src/Illuminate/Foundation/Exceptions/WhoopsHandler.php(21): Illuminate\Foundation\Exceptions\WhoopsHandler->registerApplicationPaths(Object(Whoops\Handler\PrettyPageHandler))
#8 /home4/webtesting/hrms-nexgeno.webtesting.pw/vendor/laravel/framework/src/Illuminate/Support/helpers.php(263): Illuminate\Foundation\Exceptions\WhoopsHandler->Illuminate\Foundation\Exceptions\{closure}(Object(Whoops\Handler\PrettyPageHandler))
#9 /home4/webtesting/hrms-nexgeno.webtesting.pw/vendor/laravel/framework/src/Illuminate/Foundation/Exceptions/WhoopsHandler.php(18): tap(Object(Whoops\Handler\PrettyPageHandler), Object(Closure))
#10 /home4/webtesting/hrms-nexgeno.webtesting.pw/vendor/laravel/framework/src/Illuminate/Foundation/Exceptions/Handler.php(541): Illuminate\Foundation\Exceptions\WhoopsHandler->forDebug()
#11 /home4/webtesting/hrms-nexgeno.webtesting.pw/vendor/laravel/framework/src/Illuminate/Foundation/Exceptions/Handler.php(523): Illuminate\Foundation\Exceptions\Handler->whoopsHandler()
#12 /home4/webtesting/hrms-nexgeno.webtesting.pw/vendor/laravel/framework/src/Illuminate/Support/helpers.php(263): Illuminate\Foundation\Exceptions\Handler->Illuminate\Foundation\Exceptions\{closure}(Object(Whoops\Run))
#13 /home4/webtesting/hrms-nexgeno.webtesting.pw/vendor/laravel/framework/src/Illuminate/Foundation/Exceptions/Handler.php(522): tap(Object(Whoops\Run), Object(Closure))
#14 /home4/webtesting/hrms-nexgeno.webtesting.pw/vendor/laravel/framework/src/Illuminate/Foundation/Exceptions/Handler.php(507): Illuminate\Foundation\Exceptions\Handler->renderExceptionWithWhoops(Object(ErrorException))
#15 /home4/webtesting/hrms-nexgeno.webtesting.pw/vendor/laravel/framework/src/Illuminate/Foundation/Exceptions/Handler.php(491): Illuminate\Foundation\Exceptions\Handler->renderExceptionContent(Object(ErrorException))
#16 /home4/webtesting/hrms-nexgeno.webtesting.pw/vendor/laravel/framework/src/Illuminate/Foundation/Exceptions/Handler.php(470): Illuminate\Foundation\Exceptions\Handler->convertExceptionToResponse(Object(ErrorException))
#17 /home4/webtesting/hrms-nexgeno.webtesting.pw/vendor/laravel/framework/src/Illuminate/Foundation/Exceptions/Handler.php(356): Illuminate\Foundation\Exceptions\Handler->prepareResponse(Object(Illuminate\Http\Request), Object(ErrorException))
#18 /home4/webtesting/hrms-nexgeno.webtesting.pw/vendor/laravel/framework/src/Illuminate/Foundation/Http/Kernel.php(426): Illuminate\Foundation\Exceptions\Handler->render(Object(Illuminate\Http\Request), Object(ErrorException))
#19 /home4/webtesting/hrms-nexgeno.webtesting.pw/vendor/laravel/framework/src/Illuminate/Foundation/Http/Kernel.php(114): Illuminate\Foundation\Http\Kernel->renderException(Object(Illuminate\Http\Request), Object(ErrorException))
#20 /home4/webtesting/hrms-nexgeno.webtesting.pw/public/index.php(51): Illuminate\Foundation\Http\Kernel->handle(Object(Illuminate\Http\Request))
#21 /home4/webtesting/hrms-nexgeno.webtesting.pw/index.php(21): require_once('/home4/webtesti...')
#22 {main} in /home4/webtesting/hrms-nexgeno.webtesting.pw/vendor/symfony/finder/Iterator/SortableIterator.php on line 19
[22-Apr-2024 14:59:01 Asia/Calcutta] PHP Fatal error:  During inheritance of IteratorAggregate: Uncaught ErrorException: Return type of Symfony\Component\Finder\Iterator\SortableIterator::getIterator() should either be compatible with IteratorAggregate::getIterator(): Traversable, or the #[\ReturnTypeWillChange] attribute should be used to temporarily suppress the notice in /home4/webtesting/hrms-nexgeno.webtesting.pw/vendor/symfony/finder/Iterator/SortableIterator.php:84
Stack trace:
#0 /home4/webtesting/hrms-nexgeno.webtesting.pw/vendor/symfony/finder/Iterator/SortableIterator.php(19): Illuminate\Foundation\Bootstrap\HandleExceptions->handleError(8192, 'Return type of ...', '/home4/webtesti...', 84)
#1 /home4/webtesting/hrms-nexgeno.webtesting.pw/vendor/composer/ClassLoader.php(480): include('/home4/webtesti...')
#2 /home4/webtesting/hrms-nexgeno.webtesting.pw/vendor/composer/ClassLoader.php(346): Composer\Autoload\includeFile('/home4/webtesti...')
#3 /home4/webtesting/hrms-nexgeno.webtesting.pw/vendor/symfony/finder/Finder.php(438): Composer\Autoload\ClassLoader->loadClass('Symfony\\Compone...')
#4 /home4/webtesting/hrms-nexgeno.webtesting.pw/vendor/laravel/framework/src/Illuminate/Filesystem/Filesystem.php(563): Symfony\Component\Finder\Finder->sortByName()
#5 /home4/webtesting/hrms-nexgeno.webtesting.pw/vendor/laravel/framework/src/Illuminate/Foundation/Exceptions/WhoopsHandler.php(50): Illuminate\Filesystem\Filesystem->directories('/home4/webtesti...')
#6 /home4/webtesting/hrms-nexgeno.webtesting.pw/vendor/laravel/framework/src/Illuminate/Foundation/Exceptions/WhoopsHandler.php(36): Illuminate\Foundation\Exceptions\WhoopsHandler->directoriesExceptVendor()
#7 /home4/webtesting/hrms-nexgeno.webtesting.pw/vendor/laravel/framework/src/Illuminate/Foundation/Exceptions/WhoopsHandler.php(21): Illuminate\Foundation\Exceptions\WhoopsHandler->registerApplicationPaths(Object(Whoops\Handler\PrettyPageHandler))
#8 /home4/webtesting/hrms-nexgeno.webtesting.pw/vendor/laravel/framework/src/Illuminate/Support/helpers.php(263): Illuminate\Foundation\Exceptions\WhoopsHandler->Illuminate\Foundation\Exceptions\{closure}(Object(Whoops\Handler\PrettyPageHandler))
#9 /home4/webtesting/hrms-nexgeno.webtesting.pw/vendor/laravel/framework/src/Illuminate/Foundation/Exceptions/WhoopsHandler.php(18): tap(Object(Whoops\Handler\PrettyPageHandler), Object(Closure))
#10 /home4/webtesting/hrms-nexgeno.webtesting.pw/vendor/laravel/framework/src/Illuminate/Foundation/Exceptions/Handler.php(541): Illuminate\Foundation\Exceptions\WhoopsHandler->forDebug()
#11 /home4/webtesting/hrms-nexgeno.webtesting.pw/vendor/laravel/framework/src/Illuminate/Foundation/Exceptions/Handler.php(523): Illuminate\Foundation\Exceptions\Handler->whoopsHandler()
#12 /home4/webtesting/hrms-nexgeno.webtesting.pw/vendor/laravel/framework/src/Illuminate/Support/helpers.php(263): Illuminate\Foundation\Exceptions\Handler->Illuminate\Foundation\Exceptions\{closure}(Object(Whoops\Run))
#13 /home4/webtesting/hrms-nexgeno.webtesting.pw/vendor/laravel/framework/src/Illuminate/Foundation/Exceptions/Handler.php(522): tap(Object(Whoops\Run), Object(Closure))
#14 /home4/webtesting/hrms-nexgeno.webtesting.pw/vendor/laravel/framework/src/Illuminate/Foundation/Exceptions/Handler.php(507): Illuminate\Foundation\Exceptions\Handler->renderExceptionWithWhoops(Object(ErrorException))
#15 /home4/webtesting/hrms-nexgeno.webtesting.pw/vendor/laravel/framework/src/Illuminate/Foundation/Exceptions/Handler.php(491): Illuminate\Foundation\Exceptions\Handler->renderExceptionContent(Object(ErrorException))
#16 /home4/webtesting/hrms-nexgeno.webtesting.pw/vendor/laravel/framework/src/Illuminate/Foundation/Exceptions/Handler.php(470): Illuminate\Foundation\Exceptions\Handler->convertExceptionToResponse(Object(ErrorException))
#17 /home4/webtesting/hrms-nexgeno.webtesting.pw/vendor/laravel/framework/src/Illuminate/Foundation/Exceptions/Handler.php(356): Illuminate\Foundation\Exceptions\Handler->prepareResponse(Object(Illuminate\Http\Request), Object(ErrorException))
#18 /home4/webtesting/hrms-nexgeno.webtesting.pw/vendor/laravel/framework/src/Illuminate/Foundation/Http/Kernel.php(426): Illuminate\Foundation\Exceptions\Handler->render(Object(Illuminate\Http\Request), Object(ErrorException))
#19 /home4/webtesting/hrms-nexgeno.webtesting.pw/vendor/laravel/framework/src/Illuminate/Foundation/Http/Kernel.php(114): Illuminate\Foundation\Http\Kernel->renderException(Object(Illuminate\Http\Request), Object(ErrorException))
#20 /home4/webtesting/hrms-nexgeno.webtesting.pw/public/index.php(51): Illuminate\Foundation\Http\Kernel->handle(Object(Illuminate\Http\Request))
#21 /home4/webtesting/hrms-nexgeno.webtesting.pw/index.php(21): require_once('/home4/webtesti...')
#22 {main} in /home4/webtesting/hrms-nexgeno.webtesting.pw/vendor/symfony/finder/Iterator/SortableIterator.php on line 19
[23-Apr-2024 13:26:22 Asia/Calcutta] PHP Fatal error:  During inheritance of IteratorAggregate: Uncaught ErrorException: Return type of Symfony\Component\Finder\Iterator\SortableIterator::getIterator() should either be compatible with IteratorAggregate::getIterator(): Traversable, or the #[\ReturnTypeWillChange] attribute should be used to temporarily suppress the notice in /home4/webtesting/hrms-nexgeno.webtesting.pw/vendor/symfony/finder/Iterator/SortableIterator.php:84
Stack trace:
#0 /home4/webtesting/hrms-nexgeno.webtesting.pw/vendor/symfony/finder/Iterator/SortableIterator.php(19): Illuminate\Foundation\Bootstrap\HandleExceptions->handleError(8192, 'Return type of ...', '/home4/webtesti...', 84)
#1 /home4/webtesting/hrms-nexgeno.webtesting.pw/vendor/composer/ClassLoader.php(480): include('/home4/webtesti...')
#2 /home4/webtesting/hrms-nexgeno.webtesting.pw/vendor/composer/ClassLoader.php(346): Composer\Autoload\includeFile('/home4/webtesti...')
#3 /home4/webtesting/hrms-nexgeno.webtesting.pw/vendor/symfony/finder/Finder.php(438): Composer\Autoload\ClassLoader->loadClass('Symfony\\Compone...')
#4 /home4/webtesting/hrms-nexgeno.webtesting.pw/vendor/laravel/framework/src/Illuminate/Filesystem/Filesystem.php(563): Symfony\Component\Finder\Finder->sortByName()
#5 /home4/webtesting/hrms-nexgeno.webtesting.pw/vendor/laravel/framework/src/Illuminate/Foundation/Exceptions/WhoopsHandler.php(50): Illuminate\Filesystem\Filesystem->directories('/home4/webtesti...')
#6 /home4/webtesting/hrms-nexgeno.webtesting.pw/vendor/laravel/framework/src/Illuminate/Foundation/Exceptions/WhoopsHandler.php(36): Illuminate\Foundation\Exceptions\WhoopsHandler->directoriesExceptVendor()
#7 /home4/webtesting/hrms-nexgeno.webtesting.pw/vendor/laravel/framework/src/Illuminate/Foundation/Exceptions/WhoopsHandler.php(21): Illuminate\Foundation\Exceptions\WhoopsHandler->registerApplicationPaths(Object(Whoops\Handler\PrettyPageHandler))
#8 /home4/webtesting/hrms-nexgeno.webtesting.pw/vendor/laravel/framework/src/Illuminate/Support/helpers.php(263): Illuminate\Foundation\Exceptions\WhoopsHandler->Illuminate\Foundation\Exceptions\{closure}(Object(Whoops\Handler\PrettyPageHandler))
#9 /home4/webtesting/hrms-nexgeno.webtesting.pw/vendor/laravel/framework/src/Illuminate/Foundation/Exceptions/WhoopsHandler.php(18): tap(Object(Whoops\Handler\PrettyPageHandler), Object(Closure))
#10 /home4/webtesting/hrms-nexgeno.webtesting.pw/vendor/laravel/framework/src/Illuminate/Foundation/Exceptions/Handler.php(541): Illuminate\Foundation\Exceptions\WhoopsHandler->forDebug()
#11 /home4/webtesting/hrms-nexgeno.webtesting.pw/vendor/laravel/framework/src/Illuminate/Foundation/Exceptions/Handler.php(523): Illuminate\Foundation\Exceptions\Handler->whoopsHandler()
#12 /home4/webtesting/hrms-nexgeno.webtesting.pw/vendor/laravel/framework/src/Illuminate/Support/helpers.php(263): Illuminate\Foundation\Exceptions\Handler->Illuminate\Foundation\Exceptions\{closure}(Object(Whoops\Run))
#13 /home4/webtesting/hrms-nexgeno.webtesting.pw/vendor/laravel/framework/src/Illuminate/Foundation/Exceptions/Handler.php(522): tap(Object(Whoops\Run), Object(Closure))
#14 /home4/webtesting/hrms-nexgeno.webtesting.pw/vendor/laravel/framework/src/Illuminate/Foundation/Exceptions/Handler.php(507): Illuminate\Foundation\Exceptions\Handler->renderExceptionWithWhoops(Object(ErrorException))
#15 /home4/webtesting/hrms-nexgeno.webtesting.pw/vendor/laravel/framework/src/Illuminate/Foundation/Exceptions/Handler.php(491): Illuminate\Foundation\Exceptions\Handler->renderExceptionContent(Object(ErrorException))
#16 /home4/webtesting/hrms-nexgeno.webtesting.pw/vendor/laravel/framework/src/Illuminate/Foundation/Exceptions/Handler.php(470): Illuminate\Foundation\Exceptions\Handler->convertExceptionToResponse(Object(ErrorException))
#17 /home4/webtesting/hrms-nexgeno.webtesting.pw/vendor/laravel/framework/src/Illuminate/Foundation/Exceptions/Handler.php(356): Illuminate\Foundation\Exceptions\Handler->prepareResponse(Object(Illuminate\Http\Request), Object(ErrorException))
#18 /home4/webtesting/hrms-nexgeno.webtesting.pw/vendor/laravel/framework/src/Illuminate/Foundation/Http/Kernel.php(426): Illuminate\Foundation\Exceptions\Handler->render(Object(Illuminate\Http\Request), Object(ErrorException))
#19 /home4/webtesting/hrms-nexgeno.webtesting.pw/vendor/laravel/framework/src/Illuminate/Foundation/Http/Kernel.php(114): Illuminate\Foundation\Http\Kernel->renderException(Object(Illuminate\Http\Request), Object(ErrorException))
#20 /home4/webtesting/hrms-nexgeno.webtesting.pw/public/index.php(51): Illuminate\Foundation\Http\Kernel->handle(Object(Illuminate\Http\Request))
#21 /home4/webtesting/hrms-nexgeno.webtesting.pw/index.php(21): require_once('/home4/webtesti...')
#22 {main} in /home4/webtesting/hrms-nexgeno.webtesting.pw/vendor/symfony/finder/Iterator/SortableIterator.php on line 19
[23-Apr-2024 14:26:53 Asia/Calcutta] PHP Fatal error:  During inheritance of IteratorAggregate: Uncaught ErrorException: Return type of Symfony\Component\Finder\Iterator\SortableIterator::getIterator() should either be compatible with IteratorAggregate::getIterator(): Traversable, or the #[\ReturnTypeWillChange] attribute should be used to temporarily suppress the notice in /home4/webtesting/hrms-nexgeno.webtesting.pw/vendor/symfony/finder/Iterator/SortableIterator.php:84
Stack trace:
#0 /home4/webtesting/hrms-nexgeno.webtesting.pw/vendor/symfony/finder/Iterator/SortableIterator.php(19): Illuminate\Foundation\Bootstrap\HandleExceptions->handleError(8192, 'Return type of ...', '/home4/webtesti...', 84)
#1 /home4/webtesting/hrms-nexgeno.webtesting.pw/vendor/composer/ClassLoader.php(480): include('/home4/webtesti...')
#2 /home4/webtesting/hrms-nexgeno.webtesting.pw/vendor/composer/ClassLoader.php(346): Composer\Autoload\includeFile('/home4/webtesti...')
#3 /home4/webtesting/hrms-nexgeno.webtesting.pw/vendor/symfony/finder/Finder.php(438): Composer\Autoload\ClassLoader->loadClass('Symfony\\Compone...')
#4 /home4/webtesting/hrms-nexgeno.webtesting.pw/vendor/laravel/framework/src/Illuminate/Filesystem/Filesystem.php(563): Symfony\Component\Finder\Finder->sortByName()
#5 /home4/webtesting/hrms-nexgeno.webtesting.pw/vendor/laravel/framework/src/Illuminate/Foundation/Exceptions/WhoopsHandler.php(50): Illuminate\Filesystem\Filesystem->directories('/home4/webtesti...')
#6 /home4/webtesting/hrms-nexgeno.webtesting.pw/vendor/laravel/framework/src/Illuminate/Foundation/Exceptions/WhoopsHandler.php(36): Illuminate\Foundation\Exceptions\WhoopsHandler->directoriesExceptVendor()
#7 /home4/webtesting/hrms-nexgeno.webtesting.pw/vendor/laravel/framework/src/Illuminate/Foundation/Exceptions/WhoopsHandler.php(21): Illuminate\Foundation\Exceptions\WhoopsHandler->registerApplicationPaths(Object(Whoops\Handler\PrettyPageHandler))
#8 /home4/webtesting/hrms-nexgeno.webtesting.pw/vendor/laravel/framework/src/Illuminate/Support/helpers.php(263): Illuminate\Foundation\Exceptions\WhoopsHandler->Illuminate\Foundation\Exceptions\{closure}(Object(Whoops\Handler\PrettyPageHandler))
#9 /home4/webtesting/hrms-nexgeno.webtesting.pw/vendor/laravel/framework/src/Illuminate/Foundation/Exceptions/WhoopsHandler.php(18): tap(Object(Whoops\Handler\PrettyPageHandler), Object(Closure))
#10 /home4/webtesting/hrms-nexgeno.webtesting.pw/vendor/laravel/framework/src/Illuminate/Foundation/Exceptions/Handler.php(541): Illuminate\Foundation\Exceptions\WhoopsHandler->forDebug()
#11 /home4/webtesting/hrms-nexgeno.webtesting.pw/vendor/laravel/framework/src/Illuminate/Foundation/Exceptions/Handler.php(523): Illuminate\Foundation\Exceptions\Handler->whoopsHandler()
#12 /home4/webtesting/hrms-nexgeno.webtesting.pw/vendor/laravel/framework/src/Illuminate/Support/helpers.php(263): Illuminate\Foundation\Exceptions\Handler->Illuminate\Foundation\Exceptions\{closure}(Object(Whoops\Run))
#13 /home4/webtesting/hrms-nexgeno.webtesting.pw/vendor/laravel/framework/src/Illuminate/Foundation/Exceptions/Handler.php(522): tap(Object(Whoops\Run), Object(Closure))
#14 /home4/webtesting/hrms-nexgeno.webtesting.pw/vendor/laravel/framework/src/Illuminate/Foundation/Exceptions/Handler.php(507): Illuminate\Foundation\Exceptions\Handler->renderExceptionWithWhoops(Object(ErrorException))
#15 /home4/webtesting/hrms-nexgeno.webtesting.pw/vendor/laravel/framework/src/Illuminate/Foundation/Exceptions/Handler.php(491): Illuminate\Foundation\Exceptions\Handler->renderExceptionContent(Object(ErrorException))
#16 /home4/webtesting/hrms-nexgeno.webtesting.pw/vendor/laravel/framework/src/Illuminate/Foundation/Exceptions/Handler.php(470): Illuminate\Foundation\Exceptions\Handler->convertExceptionToResponse(Object(ErrorException))
#17 /home4/webtesting/hrms-nexgeno.webtesting.pw/vendor/laravel/framework/src/Illuminate/Foundation/Exceptions/Handler.php(356): Illuminate\Foundation\Exceptions\Handler->prepareResponse(Object(Illuminate\Http\Request), Object(ErrorException))
#18 /home4/webtesting/hrms-nexgeno.webtesting.pw/vendor/laravel/framework/src/Illuminate/Foundation/Http/Kernel.php(426): Illuminate\Foundation\Exceptions\Handler->render(Object(Illuminate\Http\Request), Object(ErrorException))
#19 /home4/webtesting/hrms-nexgeno.webtesting.pw/vendor/laravel/framework/src/Illuminate/Foundation/Http/Kernel.php(114): Illuminate\Foundation\Http\Kernel->renderException(Object(Illuminate\Http\Request), Object(ErrorException))
#20 /home4/webtesting/hrms-nexgeno.webtesting.pw/public/index.php(51): Illuminate\Foundation\Http\Kernel->handle(Object(Illuminate\Http\Request))
#21 /home4/webtesting/hrms-nexgeno.webtesting.pw/index.php(21): require_once('/home4/webtesti...')
#22 {main} in /home4/webtesting/hrms-nexgeno.webtesting.pw/vendor/symfony/finder/Iterator/SortableIterator.php on line 19
[23-Apr-2024 14:26:58 Asia/Calcutta] PHP Fatal error:  During inheritance of IteratorAggregate: Uncaught ErrorException: Return type of Symfony\Component\Finder\Iterator\SortableIterator::getIterator() should either be compatible with IteratorAggregate::getIterator(): Traversable, or the #[\ReturnTypeWillChange] attribute should be used to temporarily suppress the notice in /home4/webtesting/hrms-nexgeno.webtesting.pw/vendor/symfony/finder/Iterator/SortableIterator.php:84
Stack trace:
#0 /home4/webtesting/hrms-nexgeno.webtesting.pw/vendor/symfony/finder/Iterator/SortableIterator.php(19): Illuminate\Foundation\Bootstrap\HandleExceptions->handleError(8192, 'Return type of ...', '/home4/webtesti...', 84)
#1 /home4/webtesting/hrms-nexgeno.webtesting.pw/vendor/composer/ClassLoader.php(480): include('/home4/webtesti...')
#2 /home4/webtesting/hrms-nexgeno.webtesting.pw/vendor/composer/ClassLoader.php(346): Composer\Autoload\includeFile('/home4/webtesti...')
#3 /home4/webtesting/hrms-nexgeno.webtesting.pw/vendor/symfony/finder/Finder.php(438): Composer\Autoload\ClassLoader->loadClass('Symfony\\Compone...')
#4 /home4/webtesting/hrms-nexgeno.webtesting.pw/vendor/laravel/framework/src/Illuminate/Filesystem/Filesystem.php(563): Symfony\Component\Finder\Finder->sortByName()
#5 /home4/webtesting/hrms-nexgeno.webtesting.pw/vendor/laravel/framework/src/Illuminate/Foundation/Exceptions/WhoopsHandler.php(50): Illuminate\Filesystem\Filesystem->directories('/home4/webtesti...')
#6 /home4/webtesting/hrms-nexgeno.webtesting.pw/vendor/laravel/framework/src/Illuminate/Foundation/Exceptions/WhoopsHandler.php(36): Illuminate\Foundation\Exceptions\WhoopsHandler->directoriesExceptVendor()
#7 /home4/webtesting/hrms-nexgeno.webtesting.pw/vendor/laravel/framework/src/Illuminate/Foundation/Exceptions/WhoopsHandler.php(21): Illuminate\Foundation\Exceptions\WhoopsHandler->registerApplicationPaths(Object(Whoops\Handler\PrettyPageHandler))
#8 /home4/webtesting/hrms-nexgeno.webtesting.pw/vendor/laravel/framework/src/Illuminate/Support/helpers.php(263): Illuminate\Foundation\Exceptions\WhoopsHandler->Illuminate\Foundation\Exceptions\{closure}(Object(Whoops\Handler\PrettyPageHandler))
#9 /home4/webtesting/hrms-nexgeno.webtesting.pw/vendor/laravel/framework/src/Illuminate/Foundation/Exceptions/WhoopsHandler.php(18): tap(Object(Whoops\Handler\PrettyPageHandler), Object(Closure))
#10 /home4/webtesting/hrms-nexgeno.webtesting.pw/vendor/laravel/framework/src/Illuminate/Foundation/Exceptions/Handler.php(541): Illuminate\Foundation\Exceptions\WhoopsHandler->forDebug()
#11 /home4/webtesting/hrms-nexgeno.webtesting.pw/vendor/laravel/framework/src/Illuminate/Foundation/Exceptions/Handler.php(523): Illuminate\Foundation\Exceptions\Handler->whoopsHandler()
#12 /home4/webtesting/hrms-nexgeno.webtesting.pw/vendor/laravel/framework/src/Illuminate/Support/helpers.php(263): Illuminate\Foundation\Exceptions\Handler->Illuminate\Foundation\Exceptions\{closure}(Object(Whoops\Run))
#13 /home4/webtesting/hrms-nexgeno.webtesting.pw/vendor/laravel/framework/src/Illuminate/Foundation/Exceptions/Handler.php(522): tap(Object(Whoops\Run), Object(Closure))
#14 /home4/webtesting/hrms-nexgeno.webtesting.pw/vendor/laravel/framework/src/Illuminate/Foundation/Exceptions/Handler.php(507): Illuminate\Foundation\Exceptions\Handler->renderExceptionWithWhoops(Object(ErrorException))
#15 /home4/webtesting/hrms-nexgeno.webtesting.pw/vendor/laravel/framework/src/Illuminate/Foundation/Exceptions/Handler.php(491): Illuminate\Foundation\Exceptions\Handler->renderExceptionContent(Object(ErrorException))
#16 /home4/webtesting/hrms-nexgeno.webtesting.pw/vendor/laravel/framework/src/Illuminate/Foundation/Exceptions/Handler.php(470): Illuminate\Foundation\Exceptions\Handler->convertExceptionToResponse(Object(ErrorException))
#17 /home4/webtesting/hrms-nexgeno.webtesting.pw/vendor/laravel/framework/src/Illuminate/Foundation/Exceptions/Handler.php(356): Illuminate\Foundation\Exceptions\Handler->prepareResponse(Object(Illuminate\Http\Request), Object(ErrorException))
#18 /home4/webtesting/hrms-nexgeno.webtesting.pw/vendor/laravel/framework/src/Illuminate/Foundation/Http/Kernel.php(426): Illuminate\Foundation\Exceptions\Handler->render(Object(Illuminate\Http\Request), Object(ErrorException))
#19 /home4/webtesting/hrms-nexgeno.webtesting.pw/vendor/laravel/framework/src/Illuminate/Foundation/Http/Kernel.php(114): Illuminate\Foundation\Http\Kernel->renderException(Object(Illuminate\Http\Request), Object(ErrorException))
#20 /home4/webtesting/hrms-nexgeno.webtesting.pw/public/index.php(51): Illuminate\Foundation\Http\Kernel->handle(Object(Illuminate\Http\Request))
#21 /home4/webtesting/hrms-nexgeno.webtesting.pw/index.php(21): require_once('/home4/webtesti...')
#22 {main} in /home4/webtesting/hrms-nexgeno.webtesting.pw/vendor/symfony/finder/Iterator/SortableIterator.php on line 19
[23-Apr-2024 14:27:02 Asia/Calcutta] PHP Fatal error:  During inheritance of IteratorAggregate: Uncaught ErrorException: Return type of Symfony\Component\Finder\Iterator\SortableIterator::getIterator() should either be compatible with IteratorAggregate::getIterator(): Traversable, or the #[\ReturnTypeWillChange] attribute should be used to temporarily suppress the notice in /home4/webtesting/hrms-nexgeno.webtesting.pw/vendor/symfony/finder/Iterator/SortableIterator.php:84
Stack trace:
#0 /home4/webtesting/hrms-nexgeno.webtesting.pw/vendor/symfony/finder/Iterator/SortableIterator.php(19): Illuminate\Foundation\Bootstrap\HandleExceptions->handleError(8192, 'Return type of ...', '/home4/webtesti...', 84)
#1 /home4/webtesting/hrms-nexgeno.webtesting.pw/vendor/composer/ClassLoader.php(480): include('/home4/webtesti...')
#2 /home4/webtesting/hrms-nexgeno.webtesting.pw/vendor/composer/ClassLoader.php(346): Composer\Autoload\includeFile('/home4/webtesti...')
#3 /home4/webtesting/hrms-nexgeno.webtesting.pw/vendor/symfony/finder/Finder.php(438): Composer\Autoload\ClassLoader->loadClass('Symfony\\Compone...')
#4 /home4/webtesting/hrms-nexgeno.webtesting.pw/vendor/laravel/framework/src/Illuminate/Filesystem/Filesystem.php(563): Symfony\Component\Finder\Finder->sortByName()
#5 /home4/webtesting/hrms-nexgeno.webtesting.pw/vendor/laravel/framework/src/Illuminate/Foundation/Exceptions/WhoopsHandler.php(50): Illuminate\Filesystem\Filesystem->directories('/home4/webtesti...')
#6 /home4/webtesting/hrms-nexgeno.webtesting.pw/vendor/laravel/framework/src/Illuminate/Foundation/Exceptions/WhoopsHandler.php(36): Illuminate\Foundation\Exceptions\WhoopsHandler->directoriesExceptVendor()
#7 /home4/webtesting/hrms-nexgeno.webtesting.pw/vendor/laravel/framework/src/Illuminate/Foundation/Exceptions/WhoopsHandler.php(21): Illuminate\Foundation\Exceptions\WhoopsHandler->registerApplicationPaths(Object(Whoops\Handler\PrettyPageHandler))
#8 /home4/webtesting/hrms-nexgeno.webtesting.pw/vendor/laravel/framework/src/Illuminate/Support/helpers.php(263): Illuminate\Foundation\Exceptions\WhoopsHandler->Illuminate\Foundation\Exceptions\{closure}(Object(Whoops\Handler\PrettyPageHandler))
#9 /home4/webtesting/hrms-nexgeno.webtesting.pw/vendor/laravel/framework/src/Illuminate/Foundation/Exceptions/WhoopsHandler.php(18): tap(Object(Whoops\Handler\PrettyPageHandler), Object(Closure))
#10 /home4/webtesting/hrms-nexgeno.webtesting.pw/vendor/laravel/framework/src/Illuminate/Foundation/Exceptions/Handler.php(541): Illuminate\Foundation\Exceptions\WhoopsHandler->forDebug()
#11 /home4/webtesting/hrms-nexgeno.webtesting.pw/vendor/laravel/framework/src/Illuminate/Foundation/Exceptions/Handler.php(523): Illuminate\Foundation\Exceptions\Handler->whoopsHandler()
#12 /home4/webtesting/hrms-nexgeno.webtesting.pw/vendor/laravel/framework/src/Illuminate/Support/helpers.php(263): Illuminate\Foundation\Exceptions\Handler->Illuminate\Foundation\Exceptions\{closure}(Object(Whoops\Run))
#13 /home4/webtesting/hrms-nexgeno.webtesting.pw/vendor/laravel/framework/src/Illuminate/Foundation/Exceptions/Handler.php(522): tap(Object(Whoops\Run), Object(Closure))
#14 /home4/webtesting/hrms-nexgeno.webtesting.pw/vendor/laravel/framework/src/Illuminate/Foundation/Exceptions/Handler.php(507): Illuminate\Foundation\Exceptions\Handler->renderExceptionWithWhoops(Object(ErrorException))
#15 /home4/webtesting/hrms-nexgeno.webtesting.pw/vendor/laravel/framework/src/Illuminate/Foundation/Exceptions/Handler.php(491): Illuminate\Foundation\Exceptions\Handler->renderExceptionContent(Object(ErrorException))
#16 /home4/webtesting/hrms-nexgeno.webtesting.pw/vendor/laravel/framework/src/Illuminate/Foundation/Exceptions/Handler.php(470): Illuminate\Foundation\Exceptions\Handler->convertExceptionToResponse(Object(ErrorException))
#17 /home4/webtesting/hrms-nexgeno.webtesting.pw/vendor/laravel/framework/src/Illuminate/Foundation/Exceptions/Handler.php(356): Illuminate\Foundation\Exceptions\Handler->prepareResponse(Object(Illuminate\Http\Request), Object(ErrorException))
#18 /home4/webtesting/hrms-nexgeno.webtesting.pw/vendor/laravel/framework/src/Illuminate/Foundation/Http/Kernel.php(426): Illuminate\Foundation\Exceptions\Handler->render(Object(Illuminate\Http\Request), Object(ErrorException))
#19 /home4/webtesting/hrms-nexgeno.webtesting.pw/vendor/laravel/framework/src/Illuminate/Foundation/Http/Kernel.php(114): Illuminate\Foundation\Http\Kernel->renderException(Object(Illuminate\Http\Request), Object(ErrorException))
#20 /home4/webtesting/hrms-nexgeno.webtesting.pw/public/index.php(51): Illuminate\Foundation\Http\Kernel->handle(Object(Illuminate\Http\Request))
#21 /home4/webtesting/hrms-nexgeno.webtesting.pw/index.php(21): require_once('/home4/webtesti...')
#22 {main} in /home4/webtesting/hrms-nexgeno.webtesting.pw/vendor/symfony/finder/Iterator/SortableIterator.php on line 19
[23-Apr-2024 14:27:05 Asia/Calcutta] PHP Fatal error:  During inheritance of IteratorAggregate: Uncaught ErrorException: Return type of Symfony\Component\Finder\Iterator\SortableIterator::getIterator() should either be compatible with IteratorAggregate::getIterator(): Traversable, or the #[\ReturnTypeWillChange] attribute should be used to temporarily suppress the notice in /home4/webtesting/hrms-nexgeno.webtesting.pw/vendor/symfony/finder/Iterator/SortableIterator.php:84
Stack trace:
#0 /home4/webtesting/hrms-nexgeno.webtesting.pw/vendor/symfony/finder/Iterator/SortableIterator.php(19): Illuminate\Foundation\Bootstrap\HandleExceptions->handleError(8192, 'Return type of ...', '/home4/webtesti...', 84)
#1 /home4/webtesting/hrms-nexgeno.webtesting.pw/vendor/composer/ClassLoader.php(480): include('/home4/webtesti...')
#2 /home4/webtesting/hrms-nexgeno.webtesting.pw/vendor/composer/ClassLoader.php(346): Composer\Autoload\includeFile('/home4/webtesti...')
#3 /home4/webtesting/hrms-nexgeno.webtesting.pw/vendor/symfony/finder/Finder.php(438): Composer\Autoload\ClassLoader->loadClass('Symfony\\Compone...')
#4 /home4/webtesting/hrms-nexgeno.webtesting.pw/vendor/laravel/framework/src/Illuminate/Filesystem/Filesystem.php(563): Symfony\Component\Finder\Finder->sortByName()
#5 /home4/webtesting/hrms-nexgeno.webtesting.pw/vendor/laravel/framework/src/Illuminate/Foundation/Exceptions/WhoopsHandler.php(50): Illuminate\Filesystem\Filesystem->directories('/home4/webtesti...')
#6 /home4/webtesting/hrms-nexgeno.webtesting.pw/vendor/laravel/framework/src/Illuminate/Foundation/Exceptions/WhoopsHandler.php(36): Illuminate\Foundation\Exceptions\WhoopsHandler->directoriesExceptVendor()
#7 /home4/webtesting/hrms-nexgeno.webtesting.pw/vendor/laravel/framework/src/Illuminate/Foundation/Exceptions/WhoopsHandler.php(21): Illuminate\Foundation\Exceptions\WhoopsHandler->registerApplicationPaths(Object(Whoops\Handler\PrettyPageHandler))
#8 /home4/webtesting/hrms-nexgeno.webtesting.pw/vendor/laravel/framework/src/Illuminate/Support/helpers.php(263): Illuminate\Foundation\Exceptions\WhoopsHandler->Illuminate\Foundation\Exceptions\{closure}(Object(Whoops\Handler\PrettyPageHandler))
#9 /home4/webtesting/hrms-nexgeno.webtesting.pw/vendor/laravel/framework/src/Illuminate/Foundation/Exceptions/WhoopsHandler.php(18): tap(Object(Whoops\Handler\PrettyPageHandler), Object(Closure))
#10 /home4/webtesting/hrms-nexgeno.webtesting.pw/vendor/laravel/framework/src/Illuminate/Foundation/Exceptions/Handler.php(541): Illuminate\Foundation\Exceptions\WhoopsHandler->forDebug()
#11 /home4/webtesting/hrms-nexgeno.webtesting.pw/vendor/laravel/framework/src/Illuminate/Foundation/Exceptions/Handler.php(523): Illuminate\Foundation\Exceptions\Handler->whoopsHandler()
#12 /home4/webtesting/hrms-nexgeno.webtesting.pw/vendor/laravel/framework/src/Illuminate/Support/helpers.php(263): Illuminate\Foundation\Exceptions\Handler->Illuminate\Foundation\Exceptions\{closure}(Object(Whoops\Run))
#13 /home4/webtesting/hrms-nexgeno.webtesting.pw/vendor/laravel/framework/src/Illuminate/Foundation/Exceptions/Handler.php(522): tap(Object(Whoops\Run), Object(Closure))
#14 /home4/webtesting/hrms-nexgeno.webtesting.pw/vendor/laravel/framework/src/Illuminate/Foundation/Exceptions/Handler.php(507): Illuminate\Foundation\Exceptions\Handler->renderExceptionWithWhoops(Object(ErrorException))
#15 /home4/webtesting/hrms-nexgeno.webtesting.pw/vendor/laravel/framework/src/Illuminate/Foundation/Exceptions/Handler.php(491): Illuminate\Foundation\Exceptions\Handler->renderExceptionContent(Object(ErrorException))
#16 /home4/webtesting/hrms-nexgeno.webtesting.pw/vendor/laravel/framework/src/Illuminate/Foundation/Exceptions/Handler.php(470): Illuminate\Foundation\Exceptions\Handler->convertExceptionToResponse(Object(ErrorException))
#17 /home4/webtesting/hrms-nexgeno.webtesting.pw/vendor/laravel/framework/src/Illuminate/Foundation/Exceptions/Handler.php(356): Illuminate\Foundation\Exceptions\Handler->prepareResponse(Object(Illuminate\Http\Request), Object(ErrorException))
#18 /home4/webtesting/hrms-nexgeno.webtesting.pw/vendor/laravel/framework/src/Illuminate/Foundation/Http/Kernel.php(426): Illuminate\Foundation\Exceptions\Handler->render(Object(Illuminate\Http\Request), Object(ErrorException))
#19 /home4/webtesting/hrms-nexgeno.webtesting.pw/vendor/laravel/framework/src/Illuminate/Foundation/Http/Kernel.php(114): Illuminate\Foundation\Http\Kernel->renderException(Object(Illuminate\Http\Request), Object(ErrorException))
#20 /home4/webtesting/hrms-nexgeno.webtesting.pw/public/index.php(51): Illuminate\Foundation\Http\Kernel->handle(Object(Illuminate\Http\Request))
#21 /home4/webtesting/hrms-nexgeno.webtesting.pw/index.php(21): require_once('/home4/webtesti...')
#22 {main} in /home4/webtesting/hrms-nexgeno.webtesting.pw/vendor/symfony/finder/Iterator/SortableIterator.php on line 19
[23-Apr-2024 14:46:17 Asia/Calcutta] PHP Fatal error:  During inheritance of IteratorAggregate: Uncaught ErrorException: Return type of Symfony\Component\Finder\Iterator\SortableIterator::getIterator() should either be compatible with IteratorAggregate::getIterator(): Traversable, or the #[\ReturnTypeWillChange] attribute should be used to temporarily suppress the notice in /home4/webtesting/hrms-nexgeno.webtesting.pw/vendor/symfony/finder/Iterator/SortableIterator.php:84
Stack trace:
#0 /home4/webtesting/hrms-nexgeno.webtesting.pw/vendor/symfony/finder/Iterator/SortableIterator.php(19): Illuminate\Foundation\Bootstrap\HandleExceptions->handleError(8192, 'Return type of ...', '/home4/webtesti...', 84)
#1 /home4/webtesting/hrms-nexgeno.webtesting.pw/vendor/composer/ClassLoader.php(480): include('/home4/webtesti...')
#2 /home4/webtesting/hrms-nexgeno.webtesting.pw/vendor/composer/ClassLoader.php(346): Composer\Autoload\includeFile('/home4/webtesti...')
#3 /home4/webtesting/hrms-nexgeno.webtesting.pw/vendor/symfony/finder/Finder.php(438): Composer\Autoload\ClassLoader->loadClass('Symfony\\Compone...')
#4 /home4/webtesting/hrms-nexgeno.webtesting.pw/vendor/laravel/framework/src/Illuminate/Filesystem/Filesystem.php(563): Symfony\Component\Finder\Finder->sortByName()
#5 /home4/webtesting/hrms-nexgeno.webtesting.pw/vendor/laravel/framework/src/Illuminate/Foundation/Exceptions/WhoopsHandler.php(50): Illuminate\Filesystem\Filesystem->directories('/home4/webtesti...')
#6 /home4/webtesting/hrms-nexgeno.webtesting.pw/vendor/laravel/framework/src/Illuminate/Foundation/Exceptions/WhoopsHandler.php(36): Illuminate\Foundation\Exceptions\WhoopsHandler->directoriesExceptVendor()
#7 /home4/webtesting/hrms-nexgeno.webtesting.pw/vendor/laravel/framework/src/Illuminate/Foundation/Exceptions/WhoopsHandler.php(21): Illuminate\Foundation\Exceptions\WhoopsHandler->registerApplicationPaths(Object(Whoops\Handler\PrettyPageHandler))
#8 /home4/webtesting/hrms-nexgeno.webtesting.pw/vendor/laravel/framework/src/Illuminate/Support/helpers.php(263): Illuminate\Foundation\Exceptions\WhoopsHandler->Illuminate\Foundation\Exceptions\{closure}(Object(Whoops\Handler\PrettyPageHandler))
#9 /home4/webtesting/hrms-nexgeno.webtesting.pw/vendor/laravel/framework/src/Illuminate/Foundation/Exceptions/WhoopsHandler.php(18): tap(Object(Whoops\Handler\PrettyPageHandler), Object(Closure))
#10 /home4/webtesting/hrms-nexgeno.webtesting.pw/vendor/laravel/framework/src/Illuminate/Foundation/Exceptions/Handler.php(541): Illuminate\Foundation\Exceptions\WhoopsHandler->forDebug()
#11 /home4/webtesting/hrms-nexgeno.webtesting.pw/vendor/laravel/framework/src/Illuminate/Foundation/Exceptions/Handler.php(523): Illuminate\Foundation\Exceptions\Handler->whoopsHandler()
#12 /home4/webtesting/hrms-nexgeno.webtesting.pw/vendor/laravel/framework/src/Illuminate/Support/helpers.php(263): Illuminate\Foundation\Exceptions\Handler->Illuminate\Foundation\Exceptions\{closure}(Object(Whoops\Run))
#13 /home4/webtesting/hrms-nexgeno.webtesting.pw/vendor/laravel/framework/src/Illuminate/Foundation/Exceptions/Handler.php(522): tap(Object(Whoops\Run), Object(Closure))
#14 /home4/webtesting/hrms-nexgeno.webtesting.pw/vendor/laravel/framework/src/Illuminate/Foundation/Exceptions/Handler.php(507): Illuminate\Foundation\Exceptions\Handler->renderExceptionWithWhoops(Object(ErrorException))
#15 /home4/webtesting/hrms-nexgeno.webtesting.pw/vendor/laravel/framework/src/Illuminate/Foundation/Exceptions/Handler.php(491): Illuminate\Foundation\Exceptions\Handler->renderExceptionContent(Object(ErrorException))
#16 /home4/webtesting/hrms-nexgeno.webtesting.pw/vendor/laravel/framework/src/Illuminate/Foundation/Exceptions/Handler.php(470): Illuminate\Foundation\Exceptions\Handler->convertExceptionToResponse(Object(ErrorException))
#17 /home4/webtesting/hrms-nexgeno.webtesting.pw/vendor/laravel/framework/src/Illuminate/Foundation/Exceptions/Handler.php(356): Illuminate\Foundation\Exceptions\Handler->prepareResponse(Object(Illuminate\Http\Request), Object(ErrorException))
#18 /home4/webtesting/hrms-nexgeno.webtesting.pw/vendor/laravel/framework/src/Illuminate/Foundation/Http/Kernel.php(426): Illuminate\Foundation\Exceptions\Handler->render(Object(Illuminate\Http\Request), Object(ErrorException))
#19 /home4/webtesting/hrms-nexgeno.webtesting.pw/vendor/laravel/framework/src/Illuminate/Foundation/Http/Kernel.php(114): Illuminate\Foundation\Http\Kernel->renderException(Object(Illuminate\Http\Request), Object(ErrorException))
#20 /home4/webtesting/hrms-nexgeno.webtesting.pw/public/index.php(51): Illuminate\Foundation\Http\Kernel->handle(Object(Illuminate\Http\Request))
#21 /home4/webtesting/hrms-nexgeno.webtesting.pw/index.php(21): require_once('/home4/webtesti...')
#22 {main} in /home4/webtesting/hrms-nexgeno.webtesting.pw/vendor/symfony/finder/Iterator/SortableIterator.php on line 19
[23-Apr-2024 14:46:23 Asia/Calcutta] PHP Fatal error:  During inheritance of IteratorAggregate: Uncaught ErrorException: Return type of Symfony\Component\Finder\Iterator\SortableIterator::getIterator() should either be compatible with IteratorAggregate::getIterator(): Traversable, or the #[\ReturnTypeWillChange] attribute should be used to temporarily suppress the notice in /home4/webtesting/hrms-nexgeno.webtesting.pw/vendor/symfony/finder/Iterator/SortableIterator.php:84
Stack trace:
#0 /home4/webtesting/hrms-nexgeno.webtesting.pw/vendor/symfony/finder/Iterator/SortableIterator.php(19): Illuminate\Foundation\Bootstrap\HandleExceptions->handleError(8192, 'Return type of ...', '/home4/webtesti...', 84)
#1 /home4/webtesting/hrms-nexgeno.webtesting.pw/vendor/composer/ClassLoader.php(480): include('/home4/webtesti...')
#2 /home4/webtesting/hrms-nexgeno.webtesting.pw/vendor/composer/ClassLoader.php(346): Composer\Autoload\includeFile('/home4/webtesti...')
#3 /home4/webtesting/hrms-nexgeno.webtesting.pw/vendor/symfony/finder/Finder.php(438): Composer\Autoload\ClassLoader->loadClass('Symfony\\Compone...')
#4 /home4/webtesting/hrms-nexgeno.webtesting.pw/vendor/laravel/framework/src/Illuminate/Filesystem/Filesystem.php(563): Symfony\Component\Finder\Finder->sortByName()
#5 /home4/webtesting/hrms-nexgeno.webtesting.pw/vendor/laravel/framework/src/Illuminate/Foundation/Exceptions/WhoopsHandler.php(50): Illuminate\Filesystem\Filesystem->directories('/home4/webtesti...')
#6 /home4/webtesting/hrms-nexgeno.webtesting.pw/vendor/laravel/framework/src/Illuminate/Foundation/Exceptions/WhoopsHandler.php(36): Illuminate\Foundation\Exceptions\WhoopsHandler->directoriesExceptVendor()
#7 /home4/webtesting/hrms-nexgeno.webtesting.pw/vendor/laravel/framework/src/Illuminate/Foundation/Exceptions/WhoopsHandler.php(21): Illuminate\Foundation\Exceptions\WhoopsHandler->registerApplicationPaths(Object(Whoops\Handler\PrettyPageHandler))
#8 /home4/webtesting/hrms-nexgeno.webtesting.pw/vendor/laravel/framework/src/Illuminate/Support/helpers.php(263): Illuminate\Foundation\Exceptions\WhoopsHandler->Illuminate\Foundation\Exceptions\{closure}(Object(Whoops\Handler\PrettyPageHandler))
#9 /home4/webtesting/hrms-nexgeno.webtesting.pw/vendor/laravel/framework/src/Illuminate/Foundation/Exceptions/WhoopsHandler.php(18): tap(Object(Whoops\Handler\PrettyPageHandler), Object(Closure))
#10 /home4/webtesting/hrms-nexgeno.webtesting.pw/vendor/laravel/framework/src/Illuminate/Foundation/Exceptions/Handler.php(541): Illuminate\Foundation\Exceptions\WhoopsHandler->forDebug()
#11 /home4/webtesting/hrms-nexgeno.webtesting.pw/vendor/laravel/framework/src/Illuminate/Foundation/Exceptions/Handler.php(523): Illuminate\Foundation\Exceptions\Handler->whoopsHandler()
#12 /home4/webtesting/hrms-nexgeno.webtesting.pw/vendor/laravel/framework/src/Illuminate/Support/helpers.php(263): Illuminate\Foundation\Exceptions\Handler->Illuminate\Foundation\Exceptions\{closure}(Object(Whoops\Run))
#13 /home4/webtesting/hrms-nexgeno.webtesting.pw/vendor/laravel/framework/src/Illuminate/Foundation/Exceptions/Handler.php(522): tap(Object(Whoops\Run), Object(Closure))
#14 /home4/webtesting/hrms-nexgeno.webtesting.pw/vendor/laravel/framework/src/Illuminate/Foundation/Exceptions/Handler.php(507): Illuminate\Foundation\Exceptions\Handler->renderExceptionWithWhoops(Object(ErrorException))
#15 /home4/webtesting/hrms-nexgeno.webtesting.pw/vendor/laravel/framework/src/Illuminate/Foundation/Exceptions/Handler.php(491): Illuminate\Foundation\Exceptions\Handler->renderExceptionContent(Object(ErrorException))
#16 /home4/webtesting/hrms-nexgeno.webtesting.pw/vendor/laravel/framework/src/Illuminate/Foundation/Exceptions/Handler.php(470): Illuminate\Foundation\Exceptions\Handler->convertExceptionToResponse(Object(ErrorException))
#17 /home4/webtesting/hrms-nexgeno.webtesting.pw/vendor/laravel/framework/src/Illuminate/Foundation/Exceptions/Handler.php(356): Illuminate\Foundation\Exceptions\Handler->prepareResponse(Object(Illuminate\Http\Request), Object(ErrorException))
#18 /home4/webtesting/hrms-nexgeno.webtesting.pw/vendor/laravel/framework/src/Illuminate/Foundation/Http/Kernel.php(426): Illuminate\Foundation\Exceptions\Handler->render(Object(Illuminate\Http\Request), Object(ErrorException))
#19 /home4/webtesting/hrms-nexgeno.webtesting.pw/vendor/laravel/framework/src/Illuminate/Foundation/Http/Kernel.php(114): Illuminate\Foundation\Http\Kernel->renderException(Object(Illuminate\Http\Request), Object(ErrorException))
#20 /home4/webtesting/hrms-nexgeno.webtesting.pw/public/index.php(51): Illuminate\Foundation\Http\Kernel->handle(Object(Illuminate\Http\Request))
#21 /home4/webtesting/hrms-nexgeno.webtesting.pw/index.php(21): require_once('/home4/webtesti...')
#22 {main} in /home4/webtesting/hrms-nexgeno.webtesting.pw/vendor/symfony/finder/Iterator/SortableIterator.php on line 19
[23-Apr-2024 15:02:47 Asia/Calcutta] PHP Fatal error:  During inheritance of IteratorAggregate: Uncaught ErrorException: Return type of Symfony\Component\Finder\Iterator\SortableIterator::getIterator() should either be compatible with IteratorAggregate::getIterator(): Traversable, or the #[\ReturnTypeWillChange] attribute should be used to temporarily suppress the notice in /home4/webtesting/hrms-nexgeno.webtesting.pw/vendor/symfony/finder/Iterator/SortableIterator.php:84
Stack trace:
#0 /home4/webtesting/hrms-nexgeno.webtesting.pw/vendor/symfony/finder/Iterator/SortableIterator.php(19): Illuminate\Foundation\Bootstrap\HandleExceptions->handleError(8192, 'Return type of ...', '/home4/webtesti...', 84)
#1 /home4/webtesting/hrms-nexgeno.webtesting.pw/vendor/composer/ClassLoader.php(480): include('/home4/webtesti...')
#2 /home4/webtesting/hrms-nexgeno.webtesting.pw/vendor/composer/ClassLoader.php(346): Composer\Autoload\includeFile('/home4/webtesti...')
#3 /home4/webtesting/hrms-nexgeno.webtesting.pw/vendor/symfony/finder/Finder.php(438): Composer\Autoload\ClassLoader->loadClass('Symfony\\Compone...')
#4 /home4/webtesting/hrms-nexgeno.webtesting.pw/vendor/laravel/framework/src/Illuminate/Filesystem/Filesystem.php(563): Symfony\Component\Finder\Finder->sortByName()
#5 /home4/webtesting/hrms-nexgeno.webtesting.pw/vendor/laravel/framework/src/Illuminate/Foundation/Exceptions/WhoopsHandler.php(50): Illuminate\Filesystem\Filesystem->directories('/home4/webtesti...')
#6 /home4/webtesting/hrms-nexgeno.webtesting.pw/vendor/laravel/framework/src/Illuminate/Foundation/Exceptions/WhoopsHandler.php(36): Illuminate\Foundation\Exceptions\WhoopsHandler->directoriesExceptVendor()
#7 /home4/webtesting/hrms-nexgeno.webtesting.pw/vendor/laravel/framework/src/Illuminate/Foundation/Exceptions/WhoopsHandler.php(21): Illuminate\Foundation\Exceptions\WhoopsHandler->registerApplicationPaths(Object(Whoops\Handler\PrettyPageHandler))
#8 /home4/webtesting/hrms-nexgeno.webtesting.pw/vendor/laravel/framework/src/Illuminate/Support/helpers.php(263): Illuminate\Foundation\Exceptions\WhoopsHandler->Illuminate\Foundation\Exceptions\{closure}(Object(Whoops\Handler\PrettyPageHandler))
#9 /home4/webtesting/hrms-nexgeno.webtesting.pw/vendor/laravel/framework/src/Illuminate/Foundation/Exceptions/WhoopsHandler.php(18): tap(Object(Whoops\Handler\PrettyPageHandler), Object(Closure))
#10 /home4/webtesting/hrms-nexgeno.webtesting.pw/vendor/laravel/framework/src/Illuminate/Foundation/Exceptions/Handler.php(541): Illuminate\Foundation\Exceptions\WhoopsHandler->forDebug()
#11 /home4/webtesting/hrms-nexgeno.webtesting.pw/vendor/laravel/framework/src/Illuminate/Foundation/Exceptions/Handler.php(523): Illuminate\Foundation\Exceptions\Handler->whoopsHandler()
#12 /home4/webtesting/hrms-nexgeno.webtesting.pw/vendor/laravel/framework/src/Illuminate/Support/helpers.php(263): Illuminate\Foundation\Exceptions\Handler->Illuminate\Foundation\Exceptions\{closure}(Object(Whoops\Run))
#13 /home4/webtesting/hrms-nexgeno.webtesting.pw/vendor/laravel/framework/src/Illuminate/Foundation/Exceptions/Handler.php(522): tap(Object(Whoops\Run), Object(Closure))
#14 /home4/webtesting/hrms-nexgeno.webtesting.pw/vendor/laravel/framework/src/Illuminate/Foundation/Exceptions/Handler.php(507): Illuminate\Foundation\Exceptions\Handler->renderExceptionWithWhoops(Object(ErrorException))
#15 /home4/webtesting/hrms-nexgeno.webtesting.pw/vendor/laravel/framework/src/Illuminate/Foundation/Exceptions/Handler.php(491): Illuminate\Foundation\Exceptions\Handler->renderExceptionContent(Object(ErrorException))
#16 /home4/webtesting/hrms-nexgeno.webtesting.pw/vendor/laravel/framework/src/Illuminate/Foundation/Exceptions/Handler.php(470): Illuminate\Foundation\Exceptions\Handler->convertExceptionToResponse(Object(ErrorException))
#17 /home4/webtesting/hrms-nexgeno.webtesting.pw/vendor/laravel/framework/src/Illuminate/Foundation/Exceptions/Handler.php(356): Illuminate\Foundation\Exceptions\Handler->prepareResponse(Object(Illuminate\Http\Request), Object(ErrorException))
#18 /home4/webtesting/hrms-nexgeno.webtesting.pw/vendor/laravel/framework/src/Illuminate/Foundation/Http/Kernel.php(426): Illuminate\Foundation\Exceptions\Handler->render(Object(Illuminate\Http\Request), Object(ErrorException))
#19 /home4/webtesting/hrms-nexgeno.webtesting.pw/vendor/laravel/framework/src/Illuminate/Foundation/Http/Kernel.php(114): Illuminate\Foundation\Http\Kernel->renderException(Object(Illuminate\Http\Request), Object(ErrorException))
#20 /home4/webtesting/hrms-nexgeno.webtesting.pw/public/index.php(51): Illuminate\Foundation\Http\Kernel->handle(Object(Illuminate\Http\Request))
#21 /home4/webtesting/hrms-nexgeno.webtesting.pw/index.php(21): require_once('/home4/webtesti...')
#22 {main} in /home4/webtesting/hrms-nexgeno.webtesting.pw/vendor/symfony/finder/Iterator/SortableIterator.php on line 19
[23-Apr-2024 15:02:55 Asia/Calcutta] PHP Fatal error:  During inheritance of IteratorAggregate: Uncaught ErrorException: Return type of Symfony\Component\Finder\Iterator\SortableIterator::getIterator() should either be compatible with IteratorAggregate::getIterator(): Traversable, or the #[\ReturnTypeWillChange] attribute should be used to temporarily suppress the notice in /home4/webtesting/hrms-nexgeno.webtesting.pw/vendor/symfony/finder/Iterator/SortableIterator.php:84
Stack trace:
#0 /home4/webtesting/hrms-nexgeno.webtesting.pw/vendor/symfony/finder/Iterator/SortableIterator.php(19): Illuminate\Foundation\Bootstrap\HandleExceptions->handleError(8192, 'Return type of ...', '/home4/webtesti...', 84)
#1 /home4/webtesting/hrms-nexgeno.webtesting.pw/vendor/composer/ClassLoader.php(480): include('/home4/webtesti...')
#2 /home4/webtesting/hrms-nexgeno.webtesting.pw/vendor/composer/ClassLoader.php(346): Composer\Autoload\includeFile('/home4/webtesti...')
#3 /home4/webtesting/hrms-nexgeno.webtesting.pw/vendor/symfony/finder/Finder.php(438): Composer\Autoload\ClassLoader->loadClass('Symfony\\Compone...')
#4 /home4/webtesting/hrms-nexgeno.webtesting.pw/vendor/laravel/framework/src/Illuminate/Filesystem/Filesystem.php(563): Symfony\Component\Finder\Finder->sortByName()
#5 /home4/webtesting/hrms-nexgeno.webtesting.pw/vendor/laravel/framework/src/Illuminate/Foundation/Exceptions/WhoopsHandler.php(50): Illuminate\Filesystem\Filesystem->directories('/home4/webtesti...')
#6 /home4/webtesting/hrms-nexgeno.webtesting.pw/vendor/laravel/framework/src/Illuminate/Foundation/Exceptions/WhoopsHandler.php(36): Illuminate\Foundation\Exceptions\WhoopsHandler->directoriesExceptVendor()
#7 /home4/webtesting/hrms-nexgeno.webtesting.pw/vendor/laravel/framework/src/Illuminate/Foundation/Exceptions/WhoopsHandler.php(21): Illuminate\Foundation\Exceptions\WhoopsHandler->registerApplicationPaths(Object(Whoops\Handler\PrettyPageHandler))
#8 /home4/webtesting/hrms-nexgeno.webtesting.pw/vendor/laravel/framework/src/Illuminate/Support/helpers.php(263): Illuminate\Foundation\Exceptions\WhoopsHandler->Illuminate\Foundation\Exceptions\{closure}(Object(Whoops\Handler\PrettyPageHandler))
#9 /home4/webtesting/hrms-nexgeno.webtesting.pw/vendor/laravel/framework/src/Illuminate/Foundation/Exceptions/WhoopsHandler.php(18): tap(Object(Whoops\Handler\PrettyPageHandler), Object(Closure))
#10 /home4/webtesting/hrms-nexgeno.webtesting.pw/vendor/laravel/framework/src/Illuminate/Foundation/Exceptions/Handler.php(541): Illuminate\Foundation\Exceptions\WhoopsHandler->forDebug()
#11 /home4/webtesting/hrms-nexgeno.webtesting.pw/vendor/laravel/framework/src/Illuminate/Foundation/Exceptions/Handler.php(523): Illuminate\Foundation\Exceptions\Handler->whoopsHandler()
#12 /home4/webtesting/hrms-nexgeno.webtesting.pw/vendor/laravel/framework/src/Illuminate/Support/helpers.php(263): Illuminate\Foundation\Exceptions\Handler->Illuminate\Foundation\Exceptions\{closure}(Object(Whoops\Run))
#13 /home4/webtesting/hrms-nexgeno.webtesting.pw/vendor/laravel/framework/src/Illuminate/Foundation/Exceptions/Handler.php(522): tap(Object(Whoops\Run), Object(Closure))
#14 /home4/webtesting/hrms-nexgeno.webtesting.pw/vendor/laravel/framework/src/Illuminate/Foundation/Exceptions/Handler.php(507): Illuminate\Foundation\Exceptions\Handler->renderExceptionWithWhoops(Object(ErrorException))
#15 /home4/webtesting/hrms-nexgeno.webtesting.pw/vendor/laravel/framework/src/Illuminate/Foundation/Exceptions/Handler.php(491): Illuminate\Foundation\Exceptions\Handler->renderExceptionContent(Object(ErrorException))
#16 /home4/webtesting/hrms-nexgeno.webtesting.pw/vendor/laravel/framework/src/Illuminate/Foundation/Exceptions/Handler.php(470): Illuminate\Foundation\Exceptions\Handler->convertExceptionToResponse(Object(ErrorException))
#17 /home4/webtesting/hrms-nexgeno.webtesting.pw/vendor/laravel/framework/src/Illuminate/Foundation/Exceptions/Handler.php(356): Illuminate\Foundation\Exceptions\Handler->prepareResponse(Object(Illuminate\Http\Request), Object(ErrorException))
#18 /home4/webtesting/hrms-nexgeno.webtesting.pw/vendor/laravel/framework/src/Illuminate/Foundation/Http/Kernel.php(426): Illuminate\Foundation\Exceptions\Handler->render(Object(Illuminate\Http\Request), Object(ErrorException))
#19 /home4/webtesting/hrms-nexgeno.webtesting.pw/vendor/laravel/framework/src/Illuminate/Foundation/Http/Kernel.php(114): Illuminate\Foundation\Http\Kernel->renderException(Object(Illuminate\Http\Request), Object(ErrorException))
#20 /home4/webtesting/hrms-nexgeno.webtesting.pw/public/index.php(51): Illuminate\Foundation\Http\Kernel->handle(Object(Illuminate\Http\Request))
#21 /home4/webtesting/hrms-nexgeno.webtesting.pw/index.php(21): require_once('/home4/webtesti...')
#22 {main} in /home4/webtesting/hrms-nexgeno.webtesting.pw/vendor/symfony/finder/Iterator/SortableIterator.php on line 19
